[0121/125404.444:ERROR:process_reader_win.cc(151)] SuspendThread: Acceso denegado. (0x5)
[0121/125404.446:ERROR:process_reader_win.cc(123)] NtOpenThread: {Acceso denegado} Un proceso ha solicitado acceso a un objeto, pero no se le han concedido esos derechos de acceso. (0xc0000022)
[0121/125404.447:ERROR:exception_snapshot_win.cc(99)] thread ID 10196 not found in process
[0121/125404.484:ERROR:process_reader_win.cc(151)] SuspendThread: Acceso denegado. (0x5)
[0121/125404.484:ERROR:process_reader_win.cc(151)] SuspendThread: Acceso denegado. (0x5)
[0121/125404.484:ERROR:process_reader_win.cc(123)] NtOpenThread: {Acceso denegado} Un proceso ha solicitado acceso a un objeto, pero no se le han concedido esos derechos de acceso. (0xc0000022)
[0121/125404.485:ERROR:exception_snapshot_win.cc(99)] thread ID 9124 not found in process
[0121/125404.512:ERROR:process_reader_win.cc(151)] SuspendThread: Acceso denegado. (0x5)
[0121/125404.512:ERROR:process_reader_win.cc(151)] SuspendThread: Acceso denegado. (0x5)
[0121/125404.512:ERROR:process_reader_win.cc(151)] SuspendThread: Acceso denegado. (0x5)
[0121/125404.512:ERROR:process_reader_win.cc(151)] SuspendThread: Acceso denegado. (0x5)
[0121/125404.512:ERROR:process_reader_win.cc(151)] SuspendThread: Acceso denegado. (0x5)
[0121/125404.512:ERROR:process_reader_win.cc(123)] NtOpenThread: {Acceso denegado} Un proceso ha solicitado acceso a un objeto, pero no se le han concedido esos derechos de acceso. (0xc0000022)
[0121/125404.513:ERROR:exception_snapshot_win.cc(99)] thread ID 2352 not found in process
[0121/125833.258:ERROR:process_reader_win.cc(151)] SuspendThread: Acceso denegado. (0x5)
[0121/125833.260:ERROR:process_reader_win.cc(123)] NtOpenThread: {Acceso denegado} Un proceso ha solicitado acceso a un objeto, pero no se le han concedido esos derechos de acceso. (0xc0000022)
[0121/125833.261:ERROR:exception_snapshot_win.cc(99)] thread ID 5732 not found in process
[0121/125833.282:ERROR:process_reader_win.cc(151)] SuspendThread: Acceso denegado. (0x5)
[0121/125833.283:ERROR:process_reader_win.cc(151)] SuspendThread: Acceso denegado. (0x5)
[0121/125833.283:ERROR:process_reader_win.cc(151)] SuspendThread: Acceso denegado. (0x5)
[0121/125833.283:ERROR:process_reader_win.cc(151)] SuspendThread: Acceso denegado. (0x5)
[0121/125833.283:ERROR:process_reader_win.cc(151)] SuspendThread: Acceso denegado. (0x5)
[0121/125833.283:ERROR:process_reader_win.cc(123)] NtOpenThread: {Acceso denegado} Un proceso ha solicitado acceso a un objeto, pero no se le han concedido esos derechos de acceso. (0xc0000022)
[0121/125833.283:ERROR:exception_snapshot_win.cc(99)] thread ID 5700 not found in process
[0121/131920.512:ERROR:process_reader_win.cc(151)] SuspendThread: Acceso denegado. (0x5)
[0121/131920.514:ERROR:process_reader_win.cc(151)] SuspendThread: Acceso denegado. (0x5)
[0121/131920.514:ERROR:process_reader_win.cc(151)] SuspendThread: Acceso denegado. (0x5)
[0121/131920.514:ERROR:process_reader_win.cc(151)] SuspendThread: Acceso denegado. (0x5)
[0121/131920.515:ERROR:process_reader_win.cc(151)] SuspendThread: Acceso denegado. (0x5)
[0121/131920.515:ERROR:process_reader_win.cc(151)] SuspendThread: Acceso denegado. (0x5)
[0121/131920.515:ERROR:process_reader_win.cc(151)] SuspendThread: Acceso denegado. (0x5)
[0121/131920.515:ERROR:process_reader_win.cc(151)] SuspendThread: Acceso denegado. (0x5)
[0121/131920.515:ERROR:process_reader_win.cc(151)] SuspendThread: Acceso denegado. (0x5)
[0121/131920.515:ERROR:process_reader_win.cc(151)] SuspendThread: Acceso denegado. (0x5)
[0121/131920.515:ERROR:process_reader_win.cc(151)] SuspendThread: Acceso denegado. (0x5)
[0121/131920.515:ERROR:process_reader_win.cc(151)] SuspendThread: Acceso denegado. (0x5)
[0121/131920.515:ERROR:process_reader_win.cc(151)] SuspendThread: Acceso denegado. (0x5)
[0121/131920.515:ERROR:process_reader_win.cc(151)] SuspendThread: Acceso denegado. (0x5)
[0121/131920.515:ERROR:process_reader_win.cc(151)] SuspendThread: Acceso denegado. (0x5)
[0121/131920.515:ERROR:process_reader_win.cc(123)] NtOpenThread: {Acceso denegado} Un proceso ha solicitado acceso a un objeto, pero no se le han concedido esos derechos de acceso. (0xc0000022)
[0121/131920.516:ERROR:exception_snapshot_win.cc(99)] thread ID 9248 not found in process
[0121/131920.569:ERROR:process_reader_win.cc(151)] SuspendThread: Acceso denegado. (0x5)
[0121/131920.570:ERROR:process_reader_win.cc(151)] SuspendThread: Acceso denegado. (0x5)
[0121/131920.570:ERROR:process_reader_win.cc(151)] SuspendThread: Acceso denegado. (0x5)
[0121/131920.570:ERROR:process_reader_win.cc(151)] SuspendThread: Acceso denegado. (0x5)
[0121/131920.570:ERROR:process_reader_win.cc(151)] SuspendThread: Acceso denegado. (0x5)
[0121/131920.570:ERROR:process_reader_win.cc(151)] SuspendThread: Acceso denegado. (0x5)
[0121/131920.570:ERROR:process_reader_win.cc(151)] SuspendThread: Acceso denegado. (0x5)
[0121/131920.570:ERROR:process_reader_win.cc(123)] NtOpenThread: {Acceso denegado} Un proceso ha solicitado acceso a un objeto, pero no se le han concedido esos derechos de acceso. (0xc0000022)
[0121/131920.570:ERROR:exception_snapshot_win.cc(99)] thread ID 7488 not found in process
[0121/132247.395:ERROR:process_reader_win.cc(151)] SuspendThread: Acceso denegado. (0x5)
[0121/132247.397:ERROR:process_reader_win.cc(151)] SuspendThread: Acceso denegado. (0x5)
[0121/132247.397:ERROR:process_reader_win.cc(123)] NtOpenThread: {Acceso denegado} Un proceso ha solicitado acceso a un objeto, pero no se le han concedido esos derechos de acceso. (0xc0000022)
[0121/132247.398:ERROR:exception_snapshot_win.cc(99)] thread ID 7048 not found in process
[0121/132247.430:ERROR:process_reader_win.cc(151)] SuspendThread: Acceso denegado. (0x5)
[0121/132247.430:ERROR:process_reader_win.cc(151)] SuspendThread: Acceso denegado. (0x5)
[0121/132247.430:ERROR:process_reader_win.cc(151)] SuspendThread: Acceso denegado. (0x5)
[0121/132247.430:ERROR:process_reader_win.cc(151)] SuspendThread: Acceso denegado. (0x5)
[0121/132247.430:ERROR:process_reader_win.cc(151)] SuspendThread: Acceso denegado. (0x5)
[0121/132247.430:ERROR:process_reader_win.cc(123)] NtOpenThread: {Acceso denegado} Un proceso ha solicitado acceso a un objeto, pero no se le han concedido esos derechos de acceso. (0xc0000022)
[0121/132247.430:ERROR:exception_snapshot_win.cc(99)] thread ID 10712 not found in process
[0121/132909.856:ERROR:process_reader_win.cc(151)] SuspendThread: Acceso denegado. (0x5)
[0121/132909.859:ERROR:process_reader_win.cc(151)] SuspendThread: Acceso denegado. (0x5)
[0121/132909.859:ERROR:process_reader_win.cc(151)] SuspendThread: Acceso denegado. (0x5)
[0121/132909.860:ERROR:process_reader_win.cc(151)] SuspendThread: Acceso denegado. (0x5)
[0121/132909.860:ERROR:process_reader_win.cc(151)] SuspendThread: Acceso denegado. (0x5)
[0121/132909.860:ERROR:process_reader_win.cc(151)] SuspendThread: Acceso denegado. (0x5)
[0121/132909.860:ERROR:process_reader_win.cc(151)] SuspendThread: Acceso denegado. (0x5)
[0121/132909.860:ERROR:process_reader_win.cc(151)] SuspendThread: Acceso denegado. (0x5)
[0121/132909.860:ERROR:process_reader_win.cc(151)] SuspendThread: Acceso denegado. (0x5)
[0121/132909.860:ERROR:process_reader_win.cc(151)] SuspendThread: Acceso denegado. (0x5)
[0121/132909.860:ERROR:process_reader_win.cc(151)] SuspendThread: Acceso denegado. (0x5)
[0121/132909.860:ERROR:process_reader_win.cc(151)] SuspendThread: Acceso denegado. (0x5)
[0121/132909.860:ERROR:process_reader_win.cc(151)] SuspendThread: Acceso denegado. (0x5)
[0121/132909.860:ERROR:process_reader_win.cc(123)] NtOpenThread: {Acceso denegado} Un proceso ha solicitado acceso a un objeto, pero no se le han concedido esos derechos de acceso. (0xc0000022)
[0121/132909.862:ERROR:exception_snapshot_win.cc(99)] thread ID 10676 not found in process
[0121/132909.876:ERROR:process_reader_win.cc(151)] SuspendThread: Acceso denegado. (0x5)
[0121/132909.876:ERROR:process_reader_win.cc(151)] SuspendThread: Acceso denegado. (0x5)
[0121/132909.876:ERROR:process_reader_win.cc(151)] SuspendThread: Acceso denegado. (0x5)
[0121/132909.876:ERROR:process_reader_win.cc(151)] SuspendThread: Acceso denegado. (0x5)
[0121/132909.876:ERROR:process_reader_win.cc(151)] SuspendThread: Acceso denegado. (0x5)
[0121/132909.876:ERROR:process_reader_win.cc(151)] SuspendThread: Acceso denegado. (0x5)
[0121/132909.876:ERROR:process_reader_win.cc(151)] SuspendThread: Acceso denegado. (0x5)
[0121/132909.876:ERROR:process_reader_win.cc(151)] SuspendThread: Acceso denegado. (0x5)
[0121/132909.876:ERROR:process_reader_win.cc(151)] SuspendThread: Acceso denegado. (0x5)
[0121/132909.876:ERROR:process_reader_win.cc(151)] SuspendThread: Acceso denegado. (0x5)
[0121/132909.876:ERROR:process_reader_win.cc(151)] SuspendThread: Acceso denegado. (0x5)
[0121/132909.876:ERROR:process_reader_win.cc(151)] SuspendThread: Acceso denegado. (0x5)
[0121/132909.876:ERROR:process_reader_win.cc(151)] SuspendThread: Acceso denegado. (0x5)
[0121/132909.876:ERROR:process_reader_win.cc(151)] SuspendThread: Acceso denegado. (0x5)
[0121/132909.876:ERROR:process_reader_win.cc(151)] SuspendThread: Acceso denegado. (0x5)
[0121/132909.876:ERROR:process_reader_win.cc(151)] SuspendThread: Acceso denegado. (0x5)
[0121/132909.876:ERROR:process_reader_win.cc(151)] SuspendThread: Acceso denegado. (0x5)
[0121/132909.876:ERROR:process_reader_win.cc(151)] SuspendThread: Acceso denegado. (0x5)
[0121/132909.876:ERROR:process_reader_win.cc(151)] SuspendThread: Acceso denegado. (0x5)
[0121/132909.876:ERROR:process_reader_win.cc(151)] SuspendThread: Acceso denegado. (0x5)
[0121/132909.876:ERROR:process_reader_win.cc(151)] SuspendThread: Acceso denegado. (0x5)
[0121/132909.876:ERROR:process_reader_win.cc(151)] SuspendThread: Acceso denegado. (0x5)
[0121/132909.876:ERROR:process_reader_win.cc(151)] SuspendThread: Acceso denegado. (0x5)
[0121/132909.876:ERROR:process_reader_win.cc(151)] SuspendThread: Acceso denegado. (0x5)
[0121/132909.876:ERROR:process_reader_win.cc(151)] SuspendThread: Acceso denegado. (0x5)
[0121/132909.876:ERROR:process_reader_win.cc(151)] SuspendThread: Acceso denegado. (0x5)
[0121/132909.876:ERROR:process_reader_win.cc(151)] SuspendThread: Acceso denegado. (0x5)
[0121/132909.876:ERROR:process_reader_win.cc(151)] SuspendThread: Acceso denegado. (0x5)
[0121/132909.876:ERROR:process_reader_win.cc(123)] NtOpenThread: {Acceso denegado} Un proceso ha solicitado acceso a un objeto, pero no se le han concedido esos derechos de acceso. (0xc0000022)
[0121/132909.876:ERROR:exception_snapshot_win.cc(99)] thread ID 9084 not found in process
[0121/134501.788:ERROR:process_reader_win.cc(151)] SuspendThread: Acceso denegado. (0x5)
[0121/134501.790:ERROR:process_reader_win.cc(151)] SuspendThread: Acceso denegado. (0x5)
[0121/134501.790:ERROR:process_reader_win.cc(151)] SuspendThread: Acceso denegado. (0x5)
[0121/134501.790:ERROR:process_reader_win.cc(151)] SuspendThread: Acceso denegado. (0x5)
[0121/134501.790:ERROR:process_reader_win.cc(151)] SuspendThread: Acceso denegado. (0x5)
[0121/134501.790:ERROR:process_reader_win.cc(151)] SuspendThread: Acceso denegado. (0x5)
[0121/134501.790:ERROR:process_reader_win.cc(151)] SuspendThread: Acceso denegado. (0x5)
[0121/134501.790:ERROR:process_reader_win.cc(151)] SuspendThread: Acceso denegado. (0x5)
[0121/134501.790:ERROR:process_reader_win.cc(151)] SuspendThread: Acceso denegado. (0x5)
[0121/134501.790:ERROR:process_reader_win.cc(151)] SuspendThread: Acceso denegado. (0x5)
[0121/134501.790:ERROR:process_reader_win.cc(151)] SuspendThread: Acceso denegado. (0x5)
[0121/134501.790:ERROR:process_reader_win.cc(151)] SuspendThread: Acceso denegado. (0x5)
[0121/134501.790:ERROR:process_reader_win.cc(151)] SuspendThread: Acceso denegado. (0x5)
[0121/134501.790:ERROR:process_reader_win.cc(151)] SuspendThread: Acceso denegado. (0x5)
[0121/134501.790:ERROR:process_reader_win.cc(151)] SuspendThread: Acceso denegado. (0x5)
[0121/134501.790:ERROR:process_reader_win.cc(123)] NtOpenThread: {Acceso denegado} Un proceso ha solicitado acceso a un objeto, pero no se le han concedido esos derechos de acceso. (0xc0000022)
[0121/134501.791:ERROR:exception_snapshot_win.cc(99)] thread ID 10684 not found in process
[0121/134501.829:ERROR:process_reader_win.cc(151)] SuspendThread: Acceso denegado. (0x5)
[0121/134501.829:ERROR:process_reader_win.cc(151)] SuspendThread: Acceso denegado. (0x5)
[0121/134501.829:ERROR:process_reader_win.cc(151)] SuspendThread: Acceso denegado. (0x5)
[0121/134501.829:ERROR:process_reader_win.cc(151)] SuspendThread: Acceso denegado. (0x5)
[0121/134501.829:ERROR:process_reader_win.cc(151)] SuspendThread: Acceso denegado. (0x5)
[0121/134501.829:ERROR:process_reader_win.cc(123)] NtOpenThread: {Acceso denegado} Un proceso ha solicitado acceso a un objeto, pero no se le han concedido esos derechos de acceso. (0xc0000022)
[0121/134501.829:ERROR:exception_snapshot_win.cc(99)] thread ID 3960 not found in process
[0121/135559.107:ERROR:process_reader_win.cc(151)] SuspendThread: Acceso denegado. (0x5)
[0121/135559.110:ERROR:process_reader_win.cc(151)] SuspendThread: Acceso denegado. (0x5)
[0121/135559.110:ERROR:process_reader_win.cc(151)] SuspendThread: Acceso denegado. (0x5)
[0121/135559.110:ERROR:process_reader_win.cc(151)] SuspendThread: Acceso denegado. (0x5)
[0121/135559.110:ERROR:process_reader_win.cc(151)] SuspendThread: Acceso denegado. (0x5)
[0121/135559.110:ERROR:process_reader_win.cc(123)] NtOpenThread: {Acceso denegado} Un proceso ha solicitado acceso a un objeto, pero no se le han concedido esos derechos de acceso. (0xc0000022)
[0121/135559.111:ERROR:exception_snapshot_win.cc(99)] thread ID 1124 not found in process
[0121/135559.120:ERROR:process_reader_win.cc(151)] SuspendThread: Acceso denegado. (0x5)
[0121/135559.124:ERROR:process_reader_win.cc(151)] SuspendThread: Acceso denegado. (0x5)
[0121/135559.124:ERROR:process_reader_win.cc(123)] NtOpenThread: {Acceso denegado} Un proceso ha solicitado acceso a un objeto, pero no se le han concedido esos derechos de acceso. (0xc0000022)
[0121/135559.124:ERROR:exception_snapshot_win.cc(99)] thread ID 5668 not found in process
[0121/140437.246:ERROR:process_reader_win.cc(151)] SuspendThread: Acceso denegado. (0x5)
[0121/140437.270:ERROR:process_reader_win.cc(151)] SuspendThread: Acceso denegado. (0x5)
[0121/140437.270:ERROR:process_reader_win.cc(151)] SuspendThread: Acceso denegado. (0x5)
[0121/140437.270:ERROR:process_reader_win.cc(151)] SuspendThread: Acceso denegado. (0x5)
[0121/140437.270:ERROR:process_reader_win.cc(151)] SuspendThread: Acceso denegado. (0x5)
[0121/140437.270:ERROR:process_reader_win.cc(151)] SuspendThread: Acceso denegado. (0x5)
[0121/140437.270:ERROR:process_reader_win.cc(151)] SuspendThread: Acceso denegado. (0x5)
[0121/140437.270:ERROR:process_reader_win.cc(151)] SuspendThread: Acceso denegado. (0x5)
[0121/140437.270:ERROR:process_reader_win.cc(123)] NtOpenThread: Se ha especificado un identificador de cliente no válido. (0xc000000b)
[0121/140437.270:ERROR:process_reader_win.cc(151)] SuspendThread: Acceso denegado. (0x5)
[0121/140437.270:ERROR:process_reader_win.cc(151)] SuspendThread: Acceso denegado. (0x5)
[0121/140437.270:ERROR:process_reader_win.cc(151)] SuspendThread: Acceso denegado. (0x5)
[0121/140437.270:ERROR:process_reader_win.cc(151)] SuspendThread: Acceso denegado. (0x5)
[0121/140437.270:ERROR:process_reader_win.cc(151)] SuspendThread: Acceso denegado. (0x5)
[0121/140437.270:ERROR:process_reader_win.cc(151)] SuspendThread: Acceso denegado. (0x5)
[0121/140437.270:ERROR:process_reader_win.cc(151)] SuspendThread: Acceso denegado. (0x5)
[0121/140437.270:ERROR:process_reader_win.cc(151)] SuspendThread: Acceso denegado. (0x5)
[0121/140437.270:ERROR:process_reader_win.cc(151)] SuspendThread: Acceso denegado. (0x5)
[0121/140437.270:ERROR:process_reader_win.cc(151)] SuspendThread: Acceso denegado. (0x5)
[0121/140437.270:ERROR:process_reader_win.cc(151)] SuspendThread: Acceso denegado. (0x5)
[0121/140437.270:ERROR:process_reader_win.cc(151)] SuspendThread: Acceso denegado. (0x5)
[0121/140437.270:ERROR:process_reader_win.cc(151)] SuspendThread: Acceso denegado. (0x5)
[0121/140437.270:ERROR:process_reader_win.cc(151)] SuspendThread: Acceso denegado. (0x5)
[0121/140437.270:ERROR:process_reader_win.cc(151)] SuspendThread: Acceso denegado. (0x5)
[0121/140437.270:ERROR:process_reader_win.cc(151)] SuspendThread: Acceso denegado. (0x5)
[0121/140437.270:ERROR:process_reader_win.cc(151)] SuspendThread: Acceso denegado. (0x5)
[0121/140437.270:ERROR:process_reader_win.cc(151)] SuspendThread: Acceso denegado. (0x5)
[0121/140437.270:ERROR:process_reader_win.cc(151)] SuspendThread: Acceso denegado. (0x5)
[0121/140437.270:ERROR:process_reader_win.cc(151)] SuspendThread: Acceso denegado. (0x5)
[0121/140437.270:ERROR:process_reader_win.cc(151)] SuspendThread: Acceso denegado. (0x5)
[0121/140437.270:ERROR:process_reader_win.cc(151)] SuspendThread: Acceso denegado. (0x5)
[0121/140437.270:ERROR:process_reader_win.cc(123)] NtOpenThread: {Acceso denegado} Un proceso ha solicitado acceso a un objeto, pero no se le han concedido esos derechos de acceso. (0xc0000022)
[0121/140437.270:ERROR:exception_snapshot_win.cc(99)] thread ID 10648 not found in process
[0121/140437.270:ERROR:process_reader_win.cc(151)] SuspendThread: Acceso denegado. (0x5)
[0121/140437.270:ERROR:process_reader_win.cc(151)] SuspendThread: Acceso denegado. (0x5)
[0121/140437.270:ERROR:process_reader_win.cc(123)] NtOpenThread: {Acceso denegado} Un proceso ha solicitado acceso a un objeto, pero no se le han concedido esos derechos de acceso. (0xc0000022)
[0121/140437.270:ERROR:exception_snapshot_win.cc(99)] thread ID 10640 not found in process
[0121/140437.286:ERROR:process_reader_win.cc(151)] SuspendThread: Acceso denegado. (0x5)
[0121/140437.286:ERROR:process_reader_win.cc(123)] NtOpenThread: {Acceso denegado} Un proceso ha solicitado acceso a un objeto, pero no se le han concedido esos derechos de acceso. (0xc0000022)
[0121/140437.286:ERROR:exception_snapshot_win.cc(99)] thread ID 11256 not found in process
[0121/142225.371:ERROR:directory_reader_win.cc(43)] FindFirstFile: El sistema no puede encontrar la ruta especificada. (0x3)
[0121/151607.310:ERROR:directory_reader_win.cc(43)] FindFirstFile: El sistema no puede encontrar la ruta especificada. (0x3)
[0121/152127.604:ERROR:process_reader_win.cc(151)] SuspendThread: Acceso denegado. (0x5)
[0121/152127.604:ERROR:process_reader_win.cc(123)] NtOpenThread: {Acceso denegado} Un proceso ha solicitado acceso a un objeto, pero no se le han concedido esos derechos de acceso. (0xc0000022)
[0121/152127.620:ERROR:exception_snapshot_win.cc(99)] thread ID 3272 not found in process
[0121/152127.620:ERROR:process_reader_win.cc(151)] SuspendThread: Acceso denegado. (0x5)
[0121/152127.620:ERROR:process_reader_win.cc(151)] SuspendThread: Acceso denegado. (0x5)
[0121/152127.620:ERROR:process_reader_win.cc(151)] SuspendThread: Acceso denegado. (0x5)
[0121/152127.620:ERROR:process_reader_win.cc(151)] SuspendThread: Acceso denegado. (0x5)
[0121/152127.620:ERROR:process_reader_win.cc(123)] NtOpenThread: {Acceso denegado} Un proceso ha solicitado acceso a un objeto, pero no se le han concedido esos derechos de acceso. (0xc0000022)
[0121/152127.620:ERROR:exception_snapshot_win.cc(99)] thread ID 8484 not found in process
[0121/154507.528:ERROR:process_reader_win.cc(151)] SuspendThread: Acceso denegado. (0x5)
[0121/154507.530:ERROR:process_reader_win.cc(151)] SuspendThread: Acceso denegado. (0x5)
[0121/154507.530:ERROR:process_reader_win.cc(123)] NtOpenThread: {Acceso denegado} Un proceso ha solicitado acceso a un objeto, pero no se le han concedido esos derechos de acceso. (0xc0000022)
[0121/154507.530:ERROR:exception_snapshot_win.cc(99)] thread ID 11032 not found in process
[0121/154507.575:ERROR:process_reader_win.cc(151)] SuspendThread: Acceso denegado. (0x5)
[0121/154507.575:ERROR:process_reader_win.cc(151)] SuspendThread: Acceso denegado. (0x5)
[0121/154507.575:ERROR:process_reader_win.cc(151)] SuspendThread: Acceso denegado. (0x5)
[0121/154507.575:ERROR:process_reader_win.cc(151)] SuspendThread: Acceso denegado. (0x5)
[0121/154507.575:ERROR:process_reader_win.cc(151)] SuspendThread: Acceso denegado. (0x5)
[0121/154507.575:ERROR:process_reader_win.cc(123)] NtOpenThread: {Acceso denegado} Un proceso ha solicitado acceso a un objeto, pero no se le han concedido esos derechos de acceso. (0xc0000022)
[0121/154507.575:ERROR:exception_snapshot_win.cc(99)] thread ID 6896 not found in process
[0121/155744.096:ERROR:process_reader_win.cc(151)] SuspendThread: Acceso denegado. (0x5)
[0121/155744.102:ERROR:process_reader_win.cc(151)] SuspendThread: Acceso denegado. (0x5)
[0121/155744.102:ERROR:process_reader_win.cc(123)] NtOpenThread: {Acceso denegado} Un proceso ha solicitado acceso a un objeto, pero no se le han concedido esos derechos de acceso. (0xc0000022)
[0121/155744.103:ERROR:exception_snapshot_win.cc(99)] thread ID 1616 not found in process
[0121/155744.152:ERROR:process_reader_win.cc(151)] SuspendThread: Acceso denegado. (0x5)
[0121/155744.152:ERROR:process_reader_win.cc(151)] SuspendThread: Acceso denegado. (0x5)
[0121/155744.152:ERROR:process_reader_win.cc(151)] SuspendThread: Acceso denegado. (0x5)
[0121/155744.152:ERROR:process_reader_win.cc(151)] SuspendThread: Acceso denegado. (0x5)
[0121/155744.152:ERROR:process_reader_win.cc(151)] SuspendThread: Acceso denegado. (0x5)
[0121/155744.152:ERROR:process_reader_win.cc(123)] NtOpenThread: {Acceso denegado} Un proceso ha solicitado acceso a un objeto, pero no se le han concedido esos derechos de acceso. (0xc0000022)
[0121/155744.152:ERROR:exception_snapshot_win.cc(99)] thread ID 4692 not found in process
[0121/165702.564:ERROR:directory_reader_win.cc(43)] FindFirstFile: El sistema no puede encontrar la ruta especificada. (0x3)
[0121/171157.474:ERROR:process_reader_win.cc(151)] SuspendThread: Acceso denegado. (0x5)
[0121/171157.474:ERROR:process_reader_win.cc(123)] NtOpenThread: {Acceso denegado} Un proceso ha solicitado acceso a un objeto, pero no se le han concedido esos derechos de acceso. (0xc0000022)
[0121/171157.474:ERROR:exception_snapshot_win.cc(99)] thread ID 10356 not found in process
[0121/171157.521:ERROR:process_reader_win.cc(151)] SuspendThread: Acceso denegado. (0x5)
[0121/171157.521:ERROR:process_reader_win.cc(151)] SuspendThread: Acceso denegado. (0x5)
[0121/171157.521:ERROR:process_reader_win.cc(151)] SuspendThread: Acceso denegado. (0x5)
[0121/171157.521:ERROR:process_reader_win.cc(151)] SuspendThread: Acceso denegado. (0x5)
[0121/171157.521:ERROR:process_reader_win.cc(123)] NtOpenThread: {Acceso denegado} Un proceso ha solicitado acceso a un objeto, pero no se le han concedido esos derechos de acceso. (0xc0000022)
[0121/171157.521:ERROR:exception_snapshot_win.cc(99)] thread ID 6564 not found in process
[0121/181206.372:ERROR:process_reader_win.cc(151)] SuspendThread: Acceso denegado. (0x5)
[0121/181206.374:ERROR:process_reader_win.cc(123)] NtOpenThread: {Acceso denegado} Un proceso ha solicitado acceso a un objeto, pero no se le han concedido esos derechos de acceso. (0xc0000022)
[0121/181206.375:ERROR:exception_snapshot_win.cc(99)] thread ID 10816 not found in process
[0121/181206.422:ERROR:process_reader_win.cc(151)] SuspendThread: Acceso denegado. (0x5)
[0121/181206.424:ERROR:process_reader_win.cc(151)] SuspendThread: Acceso denegado. (0x5)
[0121/181206.424:ERROR:process_reader_win.cc(151)] SuspendThread: Acceso denegado. (0x5)
[0121/181206.424:ERROR:process_reader_win.cc(123)] NtOpenThread: {Acceso denegado} Un proceso ha solicitado acceso a un objeto, pero no se le han concedido esos derechos de acceso. (0xc0000022)
[0121/181206.425:ERROR:exception_snapshot_win.cc(99)] thread ID 7492 not found in process
[0121/181206.431:ERROR:process_reader_win.cc(151)] SuspendThread: Acceso denegado. (0x5)
[0121/181206.431:ERROR:process_reader_win.cc(123)] NtOpenThread: {Acceso denegado} Un proceso ha solicitado acceso a un objeto, pero no se le han concedido esos derechos de acceso. (0xc0000022)
[0121/181206.431:ERROR:exception_snapshot_win.cc(99)] thread ID 10144 not found in process
[0121/211840.712:ERROR:directory_reader_win.cc(43)] FindFirstFile: El sistema no puede encontrar la ruta especificada. (0x3)
[0121/214239.105:ERROR:directory_reader_win.cc(43)] FindFirstFile: El sistema no puede encontrar la ruta especificada. (0x3)
[0121/223711.778:ERROR:process_reader_win.cc(151)] SuspendThread: Acceso denegado. (0x5)
[0121/223711.780:ERROR:process_reader_win.cc(151)] SuspendThread: Acceso denegado. (0x5)
[0121/223711.780:ERROR:process_reader_win.cc(151)] SuspendThread: Acceso denegado. (0x5)
[0121/223711.780:ERROR:process_reader_win.cc(151)] SuspendThread: Acceso denegado. (0x5)
[0121/223711.780:ERROR:process_reader_win.cc(151)] SuspendThread: Acceso denegado. (0x5)
[0121/223711.780:ERROR:process_reader_win.cc(151)] SuspendThread: Acceso denegado. (0x5)
[0121/223711.780:ERROR:process_reader_win.cc(151)] SuspendThread: Acceso denegado. (0x5)
[0121/223711.780:ERROR:process_reader_win.cc(151)] SuspendThread: Acceso denegado. (0x5)
[0121/223711.780:ERROR:process_reader_win.cc(151)] SuspendThread: Acceso denegado. (0x5)
[0121/223711.780:ERROR:process_reader_win.cc(151)] SuspendThread: Acceso denegado. (0x5)
[0121/223711.780:ERROR:process_reader_win.cc(151)] SuspendThread: Acceso denegado. (0x5)
[0121/223711.780:ERROR:process_reader_win.cc(123)] NtOpenThread: {Acceso denegado} Un proceso ha solicitado acceso a un objeto, pero no se le han concedido esos derechos de acceso. (0xc0000022)
[0121/223711.781:ERROR:exception_snapshot_win.cc(99)] thread ID 6228 not found in process
[0121/223711.884:ERROR:process_reader_win.cc(151)] SuspendThread: Acceso denegado. (0x5)
[0121/223711.884:ERROR:process_reader_win.cc(151)] SuspendThread: Acceso denegado. (0x5)
[0121/223711.884:ERROR:process_reader_win.cc(151)] SuspendThread: Acceso denegado. (0x5)
[0121/223711.884:ERROR:process_reader_win.cc(151)] SuspendThread: Acceso denegado. (0x5)
[0121/223711.884:ERROR:process_reader_win.cc(151)] SuspendThread: Acceso denegado. (0x5)
[0121/223711.884:ERROR:process_reader_win.cc(123)] NtOpenThread: {Acceso denegado} Un proceso ha solicitado acceso a un objeto, pero no se le han concedido esos derechos de acceso. (0xc0000022)
[0121/223711.884:ERROR:exception_snapshot_win.cc(99)] thread ID 10248 not found in process
[0121/224518.197:ERROR:process_reader_win.cc(151)] SuspendThread: Acceso denegado. (0x5)
[0121/224518.199:ERROR:process_reader_win.cc(151)] SuspendThread: Acceso denegado. (0x5)
[0121/224518.199:ERROR:process_reader_win.cc(151)] SuspendThread: Acceso denegado. (0x5)
[0121/224518.199:ERROR:process_reader_win.cc(151)] SuspendThread: Acceso denegado. (0x5)
[0121/224518.199:ERROR:process_reader_win.cc(151)] SuspendThread: Acceso denegado. (0x5)
[0121/224518.199:ERROR:process_reader_win.cc(151)] SuspendThread: Acceso denegado. (0x5)
[0121/224518.199:ERROR:process_reader_win.cc(151)] SuspendThread: Acceso denegado. (0x5)
[0121/224518.199:ERROR:process_reader_win.cc(151)] SuspendThread: Acceso denegado. (0x5)
[0121/224518.199:ERROR:process_reader_win.cc(151)] SuspendThread: Acceso denegado. (0x5)
[0121/224518.199:ERROR:process_reader_win.cc(151)] SuspendThread: Acceso denegado. (0x5)
[0121/224518.199:ERROR:process_reader_win.cc(151)] SuspendThread: Acceso denegado. (0x5)
[0121/224518.199:ERROR:process_reader_win.cc(151)] SuspendThread: Acceso denegado. (0x5)
[0121/224518.199:ERROR:process_reader_win.cc(151)] SuspendThread: Acceso denegado. (0x5)
[0121/224518.199:ERROR:process_reader_win.cc(151)] SuspendThread: Acceso denegado. (0x5)
[0121/224518.199:ERROR:process_reader_win.cc(151)] SuspendThread: Acceso denegado. (0x5)
[0121/224518.199:ERROR:process_reader_win.cc(151)] SuspendThread: Acceso denegado. (0x5)
[0121/224518.199:ERROR:process_reader_win.cc(123)] NtOpenThread: {Acceso denegado} Un proceso ha solicitado acceso a un objeto, pero no se le han concedido esos derechos de acceso. (0xc0000022)
[0121/224518.200:ERROR:exception_snapshot_win.cc(99)] thread ID 9208 not found in process
[0121/224518.297:ERROR:process_reader_win.cc(151)] SuspendThread: Acceso denegado. (0x5)
[0121/224518.297:ERROR:process_reader_win.cc(151)] SuspendThread: Acceso denegado. (0x5)
[0121/224518.297:ERROR:process_reader_win.cc(151)] SuspendThread: Acceso denegado. (0x5)
[0121/224518.297:ERROR:process_reader_win.cc(151)] SuspendThread: Acceso denegado. (0x5)
[0121/224518.297:ERROR:process_reader_win.cc(151)] SuspendThread: Acceso denegado. (0x5)
[0121/224518.297:ERROR:process_reader_win.cc(123)] NtOpenThread: {Acceso denegado} Un proceso ha solicitado acceso a un objeto, pero no se le han concedido esos derechos de acceso. (0xc0000022)
[0121/224518.297:ERROR:exception_snapshot_win.cc(99)] thread ID 8216 not found in process
[0122/002815.837:ERROR:process_reader_win.cc(151)] SuspendThread: Acceso denegado. (0x5)
[0122/002815.844:ERROR:process_reader_win.cc(151)] SuspendThread: Acceso denegado. (0x5)
[0122/002815.844:ERROR:process_reader_win.cc(151)] SuspendThread: Acceso denegado. (0x5)
[0122/002815.844:ERROR:process_reader_win.cc(151)] SuspendThread: Acceso denegado. (0x5)
[0122/002815.844:ERROR:process_reader_win.cc(151)] SuspendThread: Acceso denegado. (0x5)
[0122/002815.844:ERROR:process_reader_win.cc(151)] SuspendThread: Acceso denegado. (0x5)
[0122/002815.844:ERROR:process_reader_win.cc(151)] SuspendThread: Acceso denegado. (0x5)
[0122/002815.844:ERROR:process_reader_win.cc(151)] SuspendThread: Acceso denegado. (0x5)
[0122/002815.844:ERROR:process_reader_win.cc(151)] SuspendThread: Acceso denegado. (0x5)
[0122/002815.844:ERROR:process_reader_win.cc(151)] SuspendThread: Acceso denegado. (0x5)
[0122/002815.844:ERROR:process_reader_win.cc(151)] SuspendThread: Acceso denegado. (0x5)
[0122/002815.844:ERROR:process_reader_win.cc(151)] SuspendThread: Acceso denegado. (0x5)
[0122/002815.844:ERROR:process_reader_win.cc(123)] NtOpenThread: {Acceso denegado} Un proceso ha solicitado acceso a un objeto, pero no se le han concedido esos derechos de acceso. (0xc0000022)
[0122/002815.846:ERROR:exception_snapshot_win.cc(99)] thread ID 11340 not found in process
[0122/002815.907:ERROR:process_reader_win.cc(151)] SuspendThread: Acceso denegado. (0x5)
[0122/002815.907:ERROR:process_reader_win.cc(151)] SuspendThread: Acceso denegado. (0x5)
[0122/002815.907:ERROR:process_reader_win.cc(151)] SuspendThread: Acceso denegado. (0x5)
[0122/002815.907:ERROR:process_reader_win.cc(151)] SuspendThread: Acceso denegado. (0x5)
[0122/002815.907:ERROR:process_reader_win.cc(151)] SuspendThread: Acceso denegado. (0x5)
[0122/002815.907:ERROR:process_reader_win.cc(123)] NtOpenThread: {Acceso denegado} Un proceso ha solicitado acceso a un objeto, pero no se le han concedido esos derechos de acceso. (0xc0000022)
[0122/002815.907:ERROR:exception_snapshot_win.cc(99)] thread ID 5816 not found in process
[0122/003407.272:ERROR:process_reader_win.cc(151)] SuspendThread: Acceso denegado. (0x5)
[0122/003407.274:ERROR:process_reader_win.cc(151)] SuspendThread: Acceso denegado. (0x5)
[0122/003407.274:ERROR:process_reader_win.cc(151)] SuspendThread: Acceso denegado. (0x5)
[0122/003407.274:ERROR:process_reader_win.cc(151)] SuspendThread: Acceso denegado. (0x5)
[0122/003407.274:ERROR:process_reader_win.cc(151)] SuspendThread: Acceso denegado. (0x5)
[0122/003407.274:ERROR:process_reader_win.cc(151)] SuspendThread: Acceso denegado. (0x5)
[0122/003407.274:ERROR:process_reader_win.cc(151)] SuspendThread: Acceso denegado. (0x5)
[0122/003407.274:ERROR:process_reader_win.cc(151)] SuspendThread: Acceso denegado. (0x5)
[0122/003407.274:ERROR:process_reader_win.cc(151)] SuspendThread: Acceso denegado. (0x5)
[0122/003407.274:ERROR:process_reader_win.cc(151)] SuspendThread: Acceso denegado. (0x5)
[0122/003407.274:ERROR:process_reader_win.cc(151)] SuspendThread: Acceso denegado. (0x5)
[0122/003407.274:ERROR:process_reader_win.cc(151)] SuspendThread: Acceso denegado. (0x5)
[0122/003407.274:ERROR:process_reader_win.cc(151)] SuspendThread: Acceso denegado. (0x5)
[0122/003407.274:ERROR:process_reader_win.cc(151)] SuspendThread: Acceso denegado. (0x5)
[0122/003407.274:ERROR:process_reader_win.cc(151)] SuspendThread: Acceso denegado. (0x5)
[0122/003407.274:ERROR:process_reader_win.cc(123)] NtOpenThread: {Acceso denegado} Un proceso ha solicitado acceso a un objeto, pero no se le han concedido esos derechos de acceso. (0xc0000022)
[0122/003407.278:ERROR:exception_snapshot_win.cc(99)] thread ID 3524 not found in process
[0122/003407.390:ERROR:process_reader_win.cc(151)] SuspendThread: Acceso denegado. (0x5)
[0122/003407.390:ERROR:process_reader_win.cc(151)] SuspendThread: Acceso denegado. (0x5)
[0122/003407.390:ERROR:process_reader_win.cc(151)] SuspendThread: Acceso denegado. (0x5)
[0122/003407.390:ERROR:process_reader_win.cc(151)] SuspendThread: Acceso denegado. (0x5)
[0122/003407.390:ERROR:process_reader_win.cc(151)] SuspendThread: Acceso denegado. (0x5)
[0122/003407.391:ERROR:process_reader_win.cc(123)] NtOpenThread: {Acceso denegado} Un proceso ha solicitado acceso a un objeto, pero no se le han concedido esos derechos de acceso. (0xc0000022)
[0122/003407.391:ERROR:exception_snapshot_win.cc(99)] thread ID 6012 not found in process
[0122/003815.664:ERROR:process_reader_win.cc(151)] SuspendThread: Acceso denegado. (0x5)
[0122/003815.671:ERROR:process_reader_win.cc(151)] SuspendThread: Acceso denegado. (0x5)
[0122/003815.671:ERROR:process_reader_win.cc(123)] NtOpenThread: {Acceso denegado} Un proceso ha solicitado acceso a un objeto, pero no se le han concedido esos derechos de acceso. (0xc0000022)
[0122/003815.673:ERROR:exception_snapshot_win.cc(99)] thread ID 10368 not found in process
[0122/003815.676:ERROR:process_reader_win.cc(151)] SuspendThread: Acceso denegado. (0x5)
[0122/003815.676:ERROR:process_reader_win.cc(151)] SuspendThread: Acceso denegado. (0x5)
[0122/003815.676:ERROR:process_reader_win.cc(151)] SuspendThread: Acceso denegado. (0x5)
[0122/003815.676:ERROR:process_reader_win.cc(151)] SuspendThread: Acceso denegado. (0x5)
[0122/003815.676:ERROR:process_reader_win.cc(151)] SuspendThread: Acceso denegado. (0x5)
[0122/003815.677:ERROR:process_reader_win.cc(123)] NtOpenThread: {Acceso denegado} Un proceso ha solicitado acceso a un objeto, pero no se le han concedido esos derechos de acceso. (0xc0000022)
[0122/003815.677:ERROR:exception_snapshot_win.cc(99)] thread ID 11268 not found in process
[0122/004540.076:ERROR:process_reader_win.cc(151)] SuspendThread: Acceso denegado. (0x5)
[0122/004540.082:ERROR:process_reader_win.cc(151)] SuspendThread: Acceso denegado. (0x5)
[0122/004540.082:ERROR:process_reader_win.cc(151)] SuspendThread: Acceso denegado. (0x5)
[0122/004540.082:ERROR:process_reader_win.cc(123)] NtOpenThread: {Acceso denegado} Un proceso ha solicitado acceso a un objeto, pero no se le han concedido esos derechos de acceso. (0xc0000022)
[0122/004540.083:ERROR:exception_snapshot_win.cc(99)] thread ID 10828 not found in process
[0122/004540.085:ERROR:process_reader_win.cc(151)] SuspendThread: Acceso denegado. (0x5)
[0122/004540.086:ERROR:process_reader_win.cc(151)] SuspendThread: Acceso denegado. (0x5)
[0122/004540.086:ERROR:process_reader_win.cc(123)] NtOpenThread: {Acceso denegado} Un proceso ha solicitado acceso a un objeto, pero no se le han concedido esos derechos de acceso. (0xc0000022)
[0122/004540.086:ERROR:exception_snapshot_win.cc(99)] thread ID 11120 not found in process
[0122/004936.327:ERROR:process_reader_win.cc(151)] SuspendThread: Acceso denegado. (0x5)
[0122/004936.328:ERROR:process_reader_win.cc(151)] SuspendThread: Acceso denegado. (0x5)
[0122/004936.328:ERROR:process_reader_win.cc(123)] NtOpenThread: {Acceso denegado} Un proceso ha solicitado acceso a un objeto, pero no se le han concedido esos derechos de acceso. (0xc0000022)
[0122/004936.329:ERROR:exception_snapshot_win.cc(99)] thread ID 5140 not found in process
[0122/004936.363:ERROR:process_reader_win.cc(151)] SuspendThread: Acceso denegado. (0x5)
[0122/004936.363:ERROR:process_reader_win.cc(151)] SuspendThread: Acceso denegado. (0x5)
[0122/004936.363:ERROR:process_reader_win.cc(151)] SuspendThread: Acceso denegado. (0x5)
[0122/004936.363:ERROR:process_reader_win.cc(151)] SuspendThread: Acceso denegado. (0x5)
[0122/004936.364:ERROR:process_reader_win.cc(151)] SuspendThread: Acceso denegado. (0x5)
[0122/004936.364:ERROR:process_reader_win.cc(123)] NtOpenThread: {Acceso denegado} Un proceso ha solicitado acceso a un objeto, pero no se le han concedido esos derechos de acceso. (0xc0000022)
[0122/004936.365:ERROR:exception_snapshot_win.cc(99)] thread ID 12160 not found in process
[0122/005754.256:ERROR:process_reader_win.cc(123)] NtOpenThread: {Acceso denegado} Un proceso ha solicitado acceso a un objeto, pero no se le han concedido esos derechos de acceso. (0xc0000022)
[0122/005754.258:ERROR:exception_snapshot_win.cc(99)] thread ID 3588 not found in process
[0122/005754.406:ERROR:process_reader_win.cc(151)] SuspendThread: Acceso denegado. (0x5)
[0122/005754.406:ERROR:process_reader_win.cc(151)] SuspendThread: Acceso denegado. (0x5)
[0122/005754.406:ERROR:process_reader_win.cc(151)] SuspendThread: Acceso denegado. (0x5)
[0122/005754.406:ERROR:process_reader_win.cc(151)] SuspendThread: Acceso denegado. (0x5)
[0122/005754.406:ERROR:exception_snapshot_win.cc(99)] thread ID 3332 not found in process
[0122/170125.355:ERROR:directory_reader_win.cc(43)] FindFirstFile: El sistema no puede encontrar la ruta especificada. (0x3)
[0122/171650.740:ERROR:process_reader_win.cc(151)] SuspendThread: Acceso denegado. (0x5)
[0122/171650.742:ERROR:process_reader_win.cc(151)] SuspendThread: Acceso denegado. (0x5)
[0122/171650.742:ERROR:process_reader_win.cc(123)] NtOpenThread: {Acceso denegado} Un proceso ha solicitado acceso a un objeto, pero no se le han concedido esos derechos de acceso. (0xc0000022)
[0122/171650.748:ERROR:exception_snapshot_win.cc(99)] thread ID 10276 not found in process
[0122/171650.753:ERROR:process_reader_win.cc(151)] SuspendThread: Acceso denegado. (0x5)
[0122/171650.754:ERROR:process_reader_win.cc(151)] SuspendThread: Acceso denegado. (0x5)
[0122/171650.754:ERROR:process_reader_win.cc(151)] SuspendThread: Acceso denegado. (0x5)
[0122/171650.754:ERROR:process_reader_win.cc(151)] SuspendThread: Acceso denegado. (0x5)
[0122/171650.754:ERROR:process_reader_win.cc(151)] SuspendThread: Acceso denegado. (0x5)
[0122/171650.754:ERROR:process_reader_win.cc(123)] NtOpenThread: {Acceso denegado} Un proceso ha solicitado acceso a un objeto, pero no se le han concedido esos derechos de acceso. (0xc0000022)
[0122/171650.754:ERROR:exception_snapshot_win.cc(99)] thread ID 11560 not found in process
[0122/172857.774:ERROR:directory_reader_win.cc(43)] FindFirstFile: El sistema no puede encontrar la ruta especificada. (0x3)
[0122/192613.113:ERROR:directory_reader_win.cc(43)] FindFirstFile: El sistema no puede encontrar la ruta especificada. (0x3)
[0125/140710.427:ERROR:directory_reader_win.cc(43)] FindFirstFile: El sistema no puede encontrar la ruta especificada. (0x3)
[0125/155040.802:ERROR:process_reader_win.cc(151)] SuspendThread: Acceso denegado. (0x5)
[0125/155040.804:ERROR:process_reader_win.cc(151)] SuspendThread: Acceso denegado. (0x5)
[0125/155040.804:ERROR:process_reader_win.cc(123)] NtOpenThread: {Acceso denegado} Un proceso ha solicitado acceso a un objeto, pero no se le han concedido esos derechos de acceso. (0xc0000022)
[0125/155040.808:ERROR:exception_snapshot_win.cc(99)] thread ID 4648 not found in process
[0125/155040.818:ERROR:process_reader_win.cc(151)] SuspendThread: Acceso denegado. (0x5)
[0125/155040.819:ERROR:process_reader_win.cc(151)] SuspendThread: Acceso denegado. (0x5)
[0125/155040.819:ERROR:process_reader_win.cc(151)] SuspendThread: Acceso denegado. (0x5)
[0125/155040.819:ERROR:process_reader_win.cc(151)] SuspendThread: Acceso denegado. (0x5)
[0125/155040.819:ERROR:process_reader_win.cc(123)] NtOpenThread: {Acceso denegado} Un proceso ha solicitado acceso a un objeto, pero no se le han concedido esos derechos de acceso. (0xc0000022)
[0125/155040.819:ERROR:exception_snapshot_win.cc(99)] thread ID 5784 not found in process
[0125/170052.373:ERROR:process_reader_win.cc(151)] SuspendThread: Acceso denegado. (0x5)
[0125/170052.374:ERROR:process_reader_win.cc(151)] SuspendThread: Acceso denegado. (0x5)
[0125/170052.374:ERROR:process_reader_win.cc(123)] NtOpenThread: {Acceso denegado} Un proceso ha solicitado acceso a un objeto, pero no se le han concedido esos derechos de acceso. (0xc0000022)
[0125/170052.375:ERROR:exception_snapshot_win.cc(99)] thread ID 11340 not found in process
[0125/170052.425:ERROR:process_reader_win.cc(123)] NtOpenThread: {Acceso denegado} Un proceso ha solicitado acceso a un objeto, pero no se le han concedido esos derechos de acceso. (0xc0000022)
[0125/170052.425:ERROR:exception_snapshot_win.cc(99)] thread ID 1564 not found in process
[0125/172317.158:ERROR:directory_reader_win.cc(43)] FindFirstFile: El sistema no puede encontrar la ruta especificada. (0x3)
[0125/210744.073:ERROR:process_reader_win.cc(151)] SuspendThread: Acceso denegado. (0x5)
[0125/210744.073:ERROR:process_reader_win.cc(151)] SuspendThread: Acceso denegado. (0x5)
[0125/210744.073:ERROR:process_reader_win.cc(151)] SuspendThread: Acceso denegado. (0x5)
[0125/210744.073:ERROR:process_reader_win.cc(151)] SuspendThread: Acceso denegado. (0x5)
[0125/210744.073:ERROR:process_reader_win.cc(151)] SuspendThread: Acceso denegado. (0x5)
[0125/210744.073:ERROR:process_reader_win.cc(151)] SuspendThread: Acceso denegado. (0x5)
[0125/210744.073:ERROR:process_reader_win.cc(123)] NtOpenThread: {Acceso denegado} Un proceso ha solicitado acceso a un objeto, pero no se le han concedido esos derechos de acceso. (0xc0000022)
[0125/210744.073:ERROR:exception_snapshot_win.cc(99)] thread ID 10468 not found in process
[0125/210744.104:ERROR:process_reader_win.cc(151)] SuspendThread: Acceso denegado. (0x5)
[0125/210744.118:ERROR:process_reader_win.cc(151)] SuspendThread: Acceso denegado. (0x5)
[0125/210744.118:ERROR:process_reader_win.cc(123)] NtOpenThread: {Acceso denegado} Un proceso ha solicitado acceso a un objeto, pero no se le han concedido esos derechos de acceso. (0xc0000022)
[0125/210744.118:ERROR:exception_snapshot_win.cc(99)] thread ID 3224 not found in process
[0125/210744.167:ERROR:process_reader_win.cc(151)] SuspendThread: Acceso denegado. (0x5)
[0125/210744.167:ERROR:process_reader_win.cc(123)] NtOpenThread: {Acceso denegado} Un proceso ha solicitado acceso a un objeto, pero no se le han concedido esos derechos de acceso. (0xc0000022)
[0125/210744.167:ERROR:exception_snapshot_win.cc(99)] thread ID 7004 not found in process
[0125/210931.740:ERROR:process_reader_win.cc(151)] SuspendThread: Acceso denegado. (0x5)
[0125/210931.743:ERROR:process_reader_win.cc(151)] SuspendThread: Acceso denegado. (0x5)
[0125/210931.792:ERROR:process_reader_win.cc(151)] SuspendThread: Acceso denegado. (0x5)
[0125/210931.793:ERROR:process_reader_win.cc(151)] SuspendThread: Acceso denegado. (0x5)
[0125/210931.793:ERROR:process_reader_win.cc(151)] SuspendThread: Acceso denegado. (0x5)
[0125/210931.793:ERROR:process_reader_win.cc(151)] SuspendThread: Acceso denegado. (0x5)
[0125/210931.793:ERROR:process_reader_win.cc(151)] SuspendThread: Acceso denegado. (0x5)
[0125/210931.793:ERROR:process_reader_win.cc(151)] SuspendThread: Acceso denegado. (0x5)
[0125/210931.793:ERROR:process_reader_win.cc(123)] NtOpenThread: {Acceso denegado} Un proceso ha solicitado acceso a un objeto, pero no se le han concedido esos derechos de acceso. (0xc0000022)
[0125/210931.794:ERROR:exception_snapshot_win.cc(99)] thread ID 5440 not found in process
[0125/210931.744:ERROR:process_reader_win.cc(123)] NtOpenThread: {Acceso denegado} Un proceso ha solicitado acceso a un objeto, pero no se le han concedido esos derechos de acceso. (0xc0000022)
[0125/210931.797:ERROR:exception_snapshot_win.cc(99)] thread ID 10292 not found in process
[0125/211407.625:ERROR:process_reader_win.cc(151)] SuspendThread: Acceso denegado. (0x5)
[0125/211407.625:ERROR:process_reader_win.cc(123)] NtOpenThread: {Acceso denegado} Un proceso ha solicitado acceso a un objeto, pero no se le han concedido esos derechos de acceso. (0xc0000022)
[0125/211407.625:ERROR:exception_snapshot_win.cc(99)] thread ID 6808 not found in process
[0125/211407.656:ERROR:process_reader_win.cc(151)] SuspendThread: Acceso denegado. (0x5)
[0125/211407.656:ERROR:process_reader_win.cc(151)] SuspendThread: Acceso denegado. (0x5)
[0125/211407.656:ERROR:process_reader_win.cc(151)] SuspendThread: Acceso denegado. (0x5)
[0125/211407.656:ERROR:process_reader_win.cc(151)] SuspendThread: Acceso denegado. (0x5)
[0125/211407.656:ERROR:process_reader_win.cc(151)] SuspendThread: Acceso denegado. (0x5)
[0125/211407.656:ERROR:process_reader_win.cc(151)] SuspendThread: Acceso denegado. (0x5)
[0125/211407.656:ERROR:process_reader_win.cc(123)] NtOpenThread: {Acceso denegado} Un proceso ha solicitado acceso a un objeto, pero no se le han concedido esos derechos de acceso. (0xc0000022)
[0125/211407.656:ERROR:exception_snapshot_win.cc(99)] thread ID 9240 not found in process
[0125/211407.662:ERROR:process_reader_win.cc(151)] SuspendThread: Acceso denegado. (0x5)
[0125/211407.662:ERROR:process_reader_win.cc(123)] NtOpenThread: {Acceso denegado} Un proceso ha solicitado acceso a un objeto, pero no se le han concedido esos derechos de acceso. (0xc0000022)
[0125/211407.662:ERROR:exception_snapshot_win.cc(99)] thread ID 12948 not found in process
[0125/211602.405:ERROR:process_reader_win.cc(151)] SuspendThread: Acceso denegado. (0x5)
[0125/211602.406:ERROR:process_reader_win.cc(151)] SuspendThread: Acceso denegado. (0x5)
[0125/211602.407:ERROR:process_reader_win.cc(151)] SuspendThread: Acceso denegado. (0x5)
[0125/211602.407:ERROR:process_reader_win.cc(151)] SuspendThread: Acceso denegado. (0x5)
[0125/211602.407:ERROR:process_reader_win.cc(151)] SuspendThread: Acceso denegado. (0x5)
[0125/211602.407:ERROR:process_reader_win.cc(151)] SuspendThread: Acceso denegado. (0x5)
[0125/211602.407:ERROR:process_reader_win.cc(123)] NtOpenThread: {Acceso denegado} Un proceso ha solicitado acceso a un objeto, pero no se le han concedido esos derechos de acceso. (0xc0000022)
[0125/211602.414:ERROR:exception_snapshot_win.cc(99)] thread ID 11880 not found in process
[0125/211602.448:ERROR:process_reader_win.cc(151)] SuspendThread: Acceso denegado. (0x5)
[0125/211602.449:ERROR:process_reader_win.cc(151)] SuspendThread: Acceso denegado. (0x5)
[0125/211602.449:ERROR:process_reader_win.cc(123)] NtOpenThread: {Acceso denegado} Un proceso ha solicitado acceso a un objeto, pero no se le han concedido esos derechos de acceso. (0xc0000022)
[0125/211602.449:ERROR:exception_snapshot_win.cc(99)] thread ID 10896 not found in process
[0125/212446.549:ERROR:process_reader_win.cc(151)] SuspendThread: Acceso denegado. (0x5)
[0125/212446.552:ERROR:process_reader_win.cc(151)] SuspendThread: Acceso denegado. (0x5)
[0125/212446.552:ERROR:process_reader_win.cc(151)] SuspendThread: Acceso denegado. (0x5)
[0125/212446.552:ERROR:process_reader_win.cc(151)] SuspendThread: Acceso denegado. (0x5)
[0125/212446.552:ERROR:process_reader_win.cc(151)] SuspendThread: Acceso denegado. (0x5)
[0125/212446.552:ERROR:process_reader_win.cc(151)] SuspendThread: Acceso denegado. (0x5)
[0125/212446.552:ERROR:process_reader_win.cc(151)] SuspendThread: Acceso denegado. (0x5)
[0125/212446.552:ERROR:process_reader_win.cc(151)] SuspendThread: Acceso denegado. (0x5)
[0125/212446.552:ERROR:process_reader_win.cc(151)] SuspendThread: Acceso denegado. (0x5)
[0125/212446.552:ERROR:process_reader_win.cc(151)] SuspendThread: Acceso denegado. (0x5)
[0125/212446.552:ERROR:process_reader_win.cc(151)] SuspendThread: Acceso denegado. (0x5)
[0125/212446.552:ERROR:process_reader_win.cc(151)] SuspendThread: Acceso denegado. (0x5)
[0125/212446.554:ERROR:process_reader_win.cc(123)] NtOpenThread: {Acceso denegado} Un proceso ha solicitado acceso a un objeto, pero no se le han concedido esos derechos de acceso. (0xc0000022)
[0125/212446.555:ERROR:exception_snapshot_win.cc(99)] thread ID 10140 not found in process
[0125/212446.692:ERROR:process_reader_win.cc(151)] SuspendThread: Acceso denegado. (0x5)
[0125/212446.692:ERROR:process_reader_win.cc(151)] SuspendThread: Acceso denegado. (0x5)
[0125/212446.692:ERROR:process_reader_win.cc(151)] SuspendThread: Acceso denegado. (0x5)
[0125/212446.692:ERROR:process_reader_win.cc(151)] SuspendThread: Acceso denegado. (0x5)
[0125/212446.692:ERROR:process_reader_win.cc(151)] SuspendThread: Acceso denegado. (0x5)
[0125/212446.692:ERROR:process_reader_win.cc(151)] SuspendThread: Acceso denegado. (0x5)
[0125/212446.692:ERROR:process_reader_win.cc(123)] NtOpenThread: {Acceso denegado} Un proceso ha solicitado acceso a un objeto, pero no se le han concedido esos derechos de acceso. (0xc0000022)
[0125/212446.692:ERROR:exception_snapshot_win.cc(99)] thread ID 13156 not found in process
[0125/212521.097:ERROR:process_reader_win.cc(151)] SuspendThread: Acceso denegado. (0x5)
[0125/212521.104:ERROR:process_reader_win.cc(123)] NtOpenThread: {Acceso denegado} Un proceso ha solicitado acceso a un objeto, pero no se le han concedido esos derechos de acceso. (0xc0000022)
[0125/212521.105:ERROR:exception_snapshot_win.cc(99)] thread ID 10384 not found in process
[0125/212521.226:ERROR:process_reader_win.cc(123)] NtOpenThread: {Acceso denegado} Un proceso ha solicitado acceso a un objeto, pero no se le han concedido esos derechos de acceso. (0xc0000022)
[0125/212521.226:ERROR:exception_snapshot_win.cc(99)] thread ID 2184 not found in process
[0125/212521.244:ERROR:process_reader_win.cc(151)] SuspendThread: Acceso denegado. (0x5)
[0125/212521.288:ERROR:process_reader_win.cc(151)] SuspendThread: Acceso denegado. (0x5)
[0125/212521.288:ERROR:process_reader_win.cc(151)] SuspendThread: Acceso denegado. (0x5)
[0125/212521.288:ERROR:process_reader_win.cc(151)] SuspendThread: Acceso denegado. (0x5)
[0125/212521.288:ERROR:process_reader_win.cc(151)] SuspendThread: Acceso denegado. (0x5)
[0125/212521.288:ERROR:process_reader_win.cc(123)] NtOpenThread: {Acceso denegado} Un proceso ha solicitado acceso a un objeto, pero no se le han concedido esos derechos de acceso. (0xc0000022)
[0125/212521.288:ERROR:exception_snapshot_win.cc(99)] thread ID 11732 not found in process
[0125/212645.675:ERROR:process_reader_win.cc(151)] SuspendThread: Acceso denegado. (0x5)
[0125/212645.677:ERROR:process_reader_win.cc(151)] SuspendThread: Acceso denegado. (0x5)
[0125/212645.678:ERROR:process_reader_win.cc(151)] SuspendThread: Acceso denegado. (0x5)
[0125/212645.678:ERROR:process_reader_win.cc(151)] SuspendThread: Acceso denegado. (0x5)
[0125/212645.677:ERROR:process_reader_win.cc(151)] SuspendThread: Acceso denegado. (0x5)
[0125/212645.678:ERROR:process_reader_win.cc(151)] SuspendThread: Acceso denegado. (0x5)
[0125/212645.678:ERROR:process_reader_win.cc(123)] NtOpenThread: {Acceso denegado} Un proceso ha solicitado acceso a un objeto, pero no se le han concedido esos derechos de acceso. (0xc0000022)
[0125/212645.679:ERROR:exception_snapshot_win.cc(99)] thread ID 14148 not found in process
[0125/212645.678:ERROR:process_reader_win.cc(123)] NtOpenThread: {Acceso denegado} Un proceso ha solicitado acceso a un objeto, pero no se le han concedido esos derechos de acceso. (0xc0000022)
[0125/212645.708:ERROR:exception_snapshot_win.cc(99)] thread ID 14292 not found in process
[0125/212645.774:ERROR:process_reader_win.cc(151)] SuspendThread: Acceso denegado. (0x5)
[0125/212645.774:ERROR:process_reader_win.cc(123)] NtOpenThread: {Acceso denegado} Un proceso ha solicitado acceso a un objeto, pero no se le han concedido esos derechos de acceso. (0xc0000022)
[0125/212645.774:ERROR:exception_snapshot_win.cc(99)] thread ID 13820 not found in process
[0125/214252.354:ERROR:process_reader_win.cc(151)] SuspendThread: Acceso denegado. (0x5)
[0125/214252.354:ERROR:process_reader_win.cc(151)] SuspendThread: Acceso denegado. (0x5)
[0125/214252.354:ERROR:process_reader_win.cc(123)] NtOpenThread: {Acceso denegado} Un proceso ha solicitado acceso a un objeto, pero no se le han concedido esos derechos de acceso. (0xc0000022)
[0125/214252.354:ERROR:exception_snapshot_win.cc(99)] thread ID 11240 not found in process
[0125/214252.383:ERROR:process_reader_win.cc(151)] SuspendThread: Acceso denegado. (0x5)
[0125/214252.384:ERROR:process_reader_win.cc(151)] SuspendThread: Acceso denegado. (0x5)
[0125/214252.384:ERROR:process_reader_win.cc(151)] SuspendThread: Acceso denegado. (0x5)
[0125/214252.384:ERROR:process_reader_win.cc(151)] SuspendThread: Acceso denegado. (0x5)
[0125/214252.384:ERROR:process_reader_win.cc(151)] SuspendThread: Acceso denegado. (0x5)
[0125/214252.384:ERROR:process_reader_win.cc(151)] SuspendThread: Acceso denegado. (0x5)
[0125/214252.384:ERROR:process_reader_win.cc(123)] NtOpenThread: {Acceso denegado} Un proceso ha solicitado acceso a un objeto, pero no se le han concedido esos derechos de acceso. (0xc0000022)
[0125/214252.384:ERROR:exception_snapshot_win.cc(99)] thread ID 6412 not found in process
[0125/215059.892:ERROR:process_reader_win.cc(151)] SuspendThread: Acceso denegado. (0x5)
[0125/215059.892:ERROR:process_reader_win.cc(123)] NtOpenThread: {Acceso denegado} Un proceso ha solicitado acceso a un objeto, pero no se le han concedido esos derechos de acceso. (0xc0000022)
[0125/215059.892:ERROR:exception_snapshot_win.cc(99)] thread ID 11040 not found in process
[0125/215059.955:ERROR:process_reader_win.cc(151)] SuspendThread: Acceso denegado. (0x5)
[0125/215059.955:ERROR:process_reader_win.cc(151)] SuspendThread: Acceso denegado. (0x5)
[0125/215059.955:ERROR:process_reader_win.cc(151)] SuspendThread: Acceso denegado. (0x5)
[0125/215059.955:ERROR:process_reader_win.cc(151)] SuspendThread: Acceso denegado. (0x5)
[0125/215059.955:ERROR:process_reader_win.cc(123)] NtOpenThread: {Acceso denegado} Un proceso ha solicitado acceso a un objeto, pero no se le han concedido esos derechos de acceso. (0xc0000022)
[0125/215059.955:ERROR:exception_snapshot_win.cc(99)] thread ID 3464 not found in process
[0126/082817.109:ERROR:directory_reader_win.cc(43)] FindFirstFile: El sistema no puede encontrar la ruta especificada. (0x3)
[0126/084138.678:ERROR:process_reader_win.cc(151)] SuspendThread: Acceso denegado. (0x5)
[0126/084138.680:ERROR:process_reader_win.cc(151)] SuspendThread: Acceso denegado. (0x5)
[0126/084138.680:ERROR:process_reader_win.cc(123)] NtOpenThread: {Acceso denegado} Un proceso ha solicitado acceso a un objeto, pero no se le han concedido esos derechos de acceso. (0xc0000022)
[0126/084138.684:ERROR:exception_snapshot_win.cc(99)] thread ID 9488 not found in process
[0126/084138.703:ERROR:process_reader_win.cc(151)] SuspendThread: Acceso denegado. (0x5)
[0126/084138.703:ERROR:process_reader_win.cc(151)] SuspendThread: Acceso denegado. (0x5)
[0126/084138.703:ERROR:process_reader_win.cc(151)] SuspendThread: Acceso denegado. (0x5)
[0126/084138.703:ERROR:process_reader_win.cc(151)] SuspendThread: Acceso denegado. (0x5)
[0126/084138.703:ERROR:process_reader_win.cc(151)] SuspendThread: Acceso denegado. (0x5)
[0126/084138.703:ERROR:process_reader_win.cc(123)] NtOpenThread: {Acceso denegado} Un proceso ha solicitado acceso a un objeto, pero no se le han concedido esos derechos de acceso. (0xc0000022)
[0126/084138.703:ERROR:exception_snapshot_win.cc(99)] thread ID 8224 not found in process
[0126/084138.735:ERROR:process_reader_win.cc(123)] NtOpenThread: {Acceso denegado} Un proceso ha solicitado acceso a un objeto, pero no se le han concedido esos derechos de acceso. (0xc0000022)
[0126/084138.735:ERROR:exception_snapshot_win.cc(99)] thread ID 5924 not found in process
[0126/084622.300:ERROR:process_reader_win.cc(151)] SuspendThread: Acceso denegado. (0x5)
[0126/084622.305:ERROR:process_reader_win.cc(151)] SuspendThread: Acceso denegado. (0x5)
[0126/084622.305:ERROR:process_reader_win.cc(123)] NtOpenThread: {Acceso denegado} Un proceso ha solicitado acceso a un objeto, pero no se le han concedido esos derechos de acceso. (0xc0000022)
[0126/084622.306:ERROR:exception_snapshot_win.cc(99)] thread ID 5924 not found in process
[0126/084622.314:ERROR:process_reader_win.cc(151)] SuspendThread: Acceso denegado. (0x5)
[0126/084622.316:ERROR:process_reader_win.cc(151)] SuspendThread: Acceso denegado. (0x5)
[0126/084622.316:ERROR:process_reader_win.cc(151)] SuspendThread: Acceso denegado. (0x5)
[0126/084622.316:ERROR:process_reader_win.cc(151)] SuspendThread: Acceso denegado. (0x5)
[0126/084622.316:ERROR:process_reader_win.cc(151)] SuspendThread: Acceso denegado. (0x5)
[0126/084622.317:ERROR:process_reader_win.cc(123)] NtOpenThread: {Acceso denegado} Un proceso ha solicitado acceso a un objeto, pero no se le han concedido esos derechos de acceso. (0xc0000022)
[0126/084622.317:ERROR:exception_snapshot_win.cc(99)] thread ID 10784 not found in process
[0126/095913.451:ERROR:directory_reader_win.cc(43)] FindFirstFile: El sistema no puede encontrar la ruta especificada. (0x3)
[0126/100214.166:ERROR:process_reader_win.cc(151)] SuspendThread: Acceso denegado. (0x5)
[0126/100214.169:ERROR:process_reader_win.cc(151)] SuspendThread: Acceso denegado. (0x5)
[0126/100214.169:ERROR:process_reader_win.cc(123)] NtOpenThread: {Acceso denegado} Un proceso ha solicitado acceso a un objeto, pero no se le han concedido esos derechos de acceso. (0xc0000022)
[0126/100214.172:ERROR:exception_snapshot_win.cc(99)] thread ID 9792 not found in process
[0126/100214.181:ERROR:process_reader_win.cc(151)] SuspendThread: Acceso denegado. (0x5)
[0126/100214.181:ERROR:process_reader_win.cc(151)] SuspendThread: Acceso denegado. (0x5)
[0126/100214.181:ERROR:process_reader_win.cc(151)] SuspendThread: Acceso denegado. (0x5)
[0126/100214.181:ERROR:process_reader_win.cc(151)] SuspendThread: Acceso denegado. (0x5)
[0126/100214.181:ERROR:process_reader_win.cc(151)] SuspendThread: Acceso denegado. (0x5)
[0126/100214.181:ERROR:process_reader_win.cc(123)] NtOpenThread: {Acceso denegado} Un proceso ha solicitado acceso a un objeto, pero no se le han concedido esos derechos de acceso. (0xc0000022)
[0126/100214.182:ERROR:exception_snapshot_win.cc(99)] thread ID 6412 not found in process
[0126/100533.915:ERROR:process_reader_win.cc(151)] SuspendThread: Acceso denegado. (0x5)
[0126/100533.920:ERROR:process_reader_win.cc(151)] SuspendThread: Acceso denegado. (0x5)
[0126/100533.921:ERROR:process_reader_win.cc(151)] SuspendThread: Acceso denegado. (0x5)
[0126/100533.921:ERROR:process_reader_win.cc(151)] SuspendThread: Acceso denegado. (0x5)
[0126/100533.921:ERROR:process_reader_win.cc(151)] SuspendThread: Acceso denegado. (0x5)
[0126/100533.921:ERROR:process_reader_win.cc(151)] SuspendThread: Acceso denegado. (0x5)
[0126/100533.921:ERROR:process_reader_win.cc(123)] NtOpenThread: {Acceso denegado} Un proceso ha solicitado acceso a un objeto, pero no se le han concedido esos derechos de acceso. (0xc0000022)
[0126/100533.921:ERROR:exception_snapshot_win.cc(99)] thread ID 8400 not found in process
[0126/100533.946:ERROR:process_reader_win.cc(151)] SuspendThread: Acceso denegado. (0x5)
[0126/100533.950:ERROR:process_reader_win.cc(151)] SuspendThread: Acceso denegado. (0x5)
[0126/100533.950:ERROR:process_reader_win.cc(123)] NtOpenThread: {Acceso denegado} Un proceso ha solicitado acceso a un objeto, pero no se le han concedido esos derechos de acceso. (0xc0000022)
[0126/100533.950:ERROR:exception_snapshot_win.cc(99)] thread ID 12588 not found in process
[0126/101123.380:ERROR:process_reader_win.cc(151)] SuspendThread: Acceso denegado. (0x5)
[0126/101123.382:ERROR:process_reader_win.cc(151)] SuspendThread: Acceso denegado. (0x5)
[0126/101123.383:ERROR:process_reader_win.cc(151)] SuspendThread: Acceso denegado. (0x5)
[0126/101123.383:ERROR:process_reader_win.cc(151)] SuspendThread: Acceso denegado. (0x5)
[0126/101123.383:ERROR:process_reader_win.cc(151)] SuspendThread: Acceso denegado. (0x5)
[0126/101123.383:ERROR:process_reader_win.cc(151)] SuspendThread: Acceso denegado. (0x5)
[0126/101123.383:ERROR:process_reader_win.cc(151)] SuspendThread: Acceso denegado. (0x5)
[0126/101123.383:ERROR:process_reader_win.cc(151)] SuspendThread: Acceso denegado. (0x5)
[0126/101123.383:ERROR:process_reader_win.cc(151)] SuspendThread: Acceso denegado. (0x5)
[0126/101123.383:ERROR:process_reader_win.cc(151)] SuspendThread: Acceso denegado. (0x5)
[0126/101123.383:ERROR:process_reader_win.cc(151)] SuspendThread: Acceso denegado. (0x5)
[0126/101123.383:ERROR:process_reader_win.cc(151)] SuspendThread: Acceso denegado. (0x5)
[0126/101123.383:ERROR:process_reader_win.cc(151)] SuspendThread: Acceso denegado. (0x5)
[0126/101123.383:ERROR:process_reader_win.cc(151)] SuspendThread: Acceso denegado. (0x5)
[0126/101123.383:ERROR:process_reader_win.cc(151)] SuspendThread: Acceso denegado. (0x5)
[0126/101123.383:ERROR:process_reader_win.cc(123)] NtOpenThread: {Acceso denegado} Un proceso ha solicitado acceso a un objeto, pero no se le han concedido esos derechos de acceso. (0xc0000022)
[0126/101123.384:ERROR:exception_snapshot_win.cc(99)] thread ID 9380 not found in process
[0126/101123.486:ERROR:process_reader_win.cc(151)] SuspendThread: Acceso denegado. (0x5)
[0126/101123.486:ERROR:process_reader_win.cc(151)] SuspendThread: Acceso denegado. (0x5)
[0126/101123.486:ERROR:process_reader_win.cc(151)] SuspendThread: Acceso denegado. (0x5)
[0126/101123.487:ERROR:process_reader_win.cc(151)] SuspendThread: Acceso denegado. (0x5)
[0126/101123.487:ERROR:process_reader_win.cc(123)] NtOpenThread: {Acceso denegado} Un proceso ha solicitado acceso a un objeto, pero no se le han concedido esos derechos de acceso. (0xc0000022)
[0126/101123.487:ERROR:exception_snapshot_win.cc(99)] thread ID 8012 not found in process
[0126/101226.613:ERROR:process_reader_win.cc(151)] SuspendThread: Acceso denegado. (0x5)
[0126/101226.619:ERROR:process_reader_win.cc(151)] SuspendThread: Acceso denegado. (0x5)
[0126/101226.620:ERROR:process_reader_win.cc(151)] SuspendThread: Acceso denegado. (0x5)
[0126/101226.620:ERROR:process_reader_win.cc(151)] SuspendThread: Acceso denegado. (0x5)
[0126/101226.620:ERROR:process_reader_win.cc(151)] SuspendThread: Acceso denegado. (0x5)
[0126/101226.620:ERROR:process_reader_win.cc(123)] NtOpenThread: {Acceso denegado} Un proceso ha solicitado acceso a un objeto, pero no se le han concedido esos derechos de acceso. (0xc0000022)
[0126/101226.621:ERROR:exception_snapshot_win.cc(99)] thread ID 4140 not found in process
[0126/101226.623:ERROR:process_reader_win.cc(151)] SuspendThread: Acceso denegado. (0x5)
[0126/101226.624:ERROR:process_reader_win.cc(123)] NtOpenThread: {Acceso denegado} Un proceso ha solicitado acceso a un objeto, pero no se le han concedido esos derechos de acceso. (0xc0000022)
[0126/101226.624:ERROR:exception_snapshot_win.cc(99)] thread ID 11720 not found in process
[0126/101226.645:ERROR:process_reader_win.cc(151)] SuspendThread: Acceso denegado. (0x5)
[0126/101226.645:ERROR:process_reader_win.cc(123)] NtOpenThread: {Acceso denegado} Un proceso ha solicitado acceso a un objeto, pero no se le han concedido esos derechos de acceso. (0xc0000022)
[0126/101226.645:ERROR:exception_snapshot_win.cc(99)] thread ID 2508 not found in process
[0126/101402.701:ERROR:process_reader_win.cc(151)] SuspendThread: Acceso denegado. (0x5)
[0126/101402.715:ERROR:process_reader_win.cc(151)] SuspendThread: Acceso denegado. (0x5)
[0126/101402.715:ERROR:process_reader_win.cc(123)] NtOpenThread: {Acceso denegado} Un proceso ha solicitado acceso a un objeto, pero no se le han concedido esos derechos de acceso. (0xc0000022)
[0126/101402.716:ERROR:exception_snapshot_win.cc(99)] thread ID 1164 not found in process
[0126/101402.739:ERROR:process_reader_win.cc(151)] SuspendThread: Acceso denegado. (0x5)
[0126/101402.740:ERROR:process_reader_win.cc(151)] SuspendThread: Acceso denegado. (0x5)
[0126/101402.740:ERROR:process_reader_win.cc(151)] SuspendThread: Acceso denegado. (0x5)
[0126/101402.740:ERROR:process_reader_win.cc(151)] SuspendThread: Acceso denegado. (0x5)
[0126/101402.740:ERROR:process_reader_win.cc(151)] SuspendThread: Acceso denegado. (0x5)
[0126/101402.740:ERROR:process_reader_win.cc(151)] SuspendThread: Acceso denegado. (0x5)
[0126/101402.740:ERROR:process_reader_win.cc(123)] NtOpenThread: {Acceso denegado} Un proceso ha solicitado acceso a un objeto, pero no se le han concedido esos derechos de acceso. (0xc0000022)
[0126/101402.740:ERROR:exception_snapshot_win.cc(99)] thread ID 7084 not found in process
[0126/102430.387:ERROR:process_reader_win.cc(151)] SuspendThread: Acceso denegado. (0x5)
[0126/102430.390:ERROR:process_reader_win.cc(151)] SuspendThread: Acceso denegado. (0x5)
[0126/102430.390:ERROR:process_reader_win.cc(123)] NtOpenThread: {Acceso denegado} Un proceso ha solicitado acceso a un objeto, pero no se le han concedido esos derechos de acceso. (0xc0000022)
[0126/102430.392:ERROR:exception_snapshot_win.cc(99)] thread ID 7548 not found in process
[0126/102430.437:ERROR:process_reader_win.cc(151)] SuspendThread: Acceso denegado. (0x5)
[0126/102430.437:ERROR:process_reader_win.cc(123)] NtOpenThread: {Acceso denegado} Un proceso ha solicitado acceso a un objeto, pero no se le han concedido esos derechos de acceso. (0xc0000022)
[0126/102430.437:ERROR:exception_snapshot_win.cc(99)] thread ID 11380 not found in process
[0126/102430.490:ERROR:process_reader_win.cc(151)] SuspendThread: Acceso denegado. (0x5)
[0126/102430.497:ERROR:process_reader_win.cc(151)] SuspendThread: Acceso denegado. (0x5)
[0126/102430.497:ERROR:process_reader_win.cc(151)] SuspendThread: Acceso denegado. (0x5)
[0126/102430.497:ERROR:process_reader_win.cc(151)] SuspendThread: Acceso denegado. (0x5)
[0126/102430.497:ERROR:process_reader_win.cc(123)] NtOpenThread: {Acceso denegado} Un proceso ha solicitado acceso a un objeto, pero no se le han concedido esos derechos de acceso. (0xc0000022)
[0126/102430.497:ERROR:exception_snapshot_win.cc(99)] thread ID 5604 not found in process
[0126/104824.114:ERROR:process_reader_win.cc(151)] SuspendThread: Acceso denegado. (0x5)
[0126/104824.116:ERROR:process_reader_win.cc(151)] SuspendThread: Acceso denegado. (0x5)
[0126/104824.116:ERROR:process_reader_win.cc(151)] SuspendThread: Acceso denegado. (0x5)
[0126/104824.116:ERROR:process_reader_win.cc(151)] SuspendThread: Acceso denegado. (0x5)
[0126/104824.116:ERROR:process_reader_win.cc(151)] SuspendThread: Acceso denegado. (0x5)
[0126/104824.116:ERROR:process_reader_win.cc(151)] SuspendThread: Acceso denegado. (0x5)
[0126/104824.116:ERROR:process_reader_win.cc(151)] SuspendThread: Acceso denegado. (0x5)
[0126/104824.117:ERROR:process_reader_win.cc(151)] SuspendThread: Acceso denegado. (0x5)
[0126/104824.117:ERROR:process_reader_win.cc(151)] SuspendThread: Acceso denegado. (0x5)
[0126/104824.117:ERROR:process_reader_win.cc(151)] SuspendThread: Acceso denegado. (0x5)
[0126/104824.117:ERROR:process_reader_win.cc(151)] SuspendThread: Acceso denegado. (0x5)
[0126/104824.117:ERROR:process_reader_win.cc(151)] SuspendThread: Acceso denegado. (0x5)
[0126/104824.117:ERROR:process_reader_win.cc(151)] SuspendThread: Acceso denegado. (0x5)
[0126/104824.117:ERROR:process_reader_win.cc(151)] SuspendThread: Acceso denegado. (0x5)
[0126/104824.117:ERROR:process_reader_win.cc(151)] SuspendThread: Acceso denegado. (0x5)
[0126/104824.117:ERROR:process_reader_win.cc(123)] NtOpenThread: {Acceso denegado} Un proceso ha solicitado acceso a un objeto, pero no se le han concedido esos derechos de acceso. (0xc0000022)
[0126/104824.122:ERROR:exception_snapshot_win.cc(99)] thread ID 10376 not found in process
[0126/104824.215:ERROR:process_reader_win.cc(123)] NtOpenThread: {Acceso denegado} Un proceso ha solicitado acceso a un objeto, pero no se le han concedido esos derechos de acceso. (0xc0000022)
[0126/104824.215:ERROR:exception_snapshot_win.cc(99)] thread ID 12964 not found in process
[0126/104824.249:ERROR:process_reader_win.cc(151)] SuspendThread: Acceso denegado. (0x5)
[0126/104824.249:ERROR:process_reader_win.cc(151)] SuspendThread: Acceso denegado. (0x5)
[0126/104824.249:ERROR:process_reader_win.cc(151)] SuspendThread: Acceso denegado. (0x5)
[0126/104824.249:ERROR:process_reader_win.cc(151)] SuspendThread: Acceso denegado. (0x5)
[0126/104824.249:ERROR:process_reader_win.cc(123)] NtOpenThread: {Acceso denegado} Un proceso ha solicitado acceso a un objeto, pero no se le han concedido esos derechos de acceso. (0xc0000022)
[0126/104824.249:ERROR:exception_snapshot_win.cc(99)] thread ID 13368 not found in process
[0126/111402.987:ERROR:directory_reader_win.cc(43)] FindFirstFile: El sistema no puede encontrar la ruta especificada. (0x3)
[0126/122147.773:ERROR:directory_reader_win.cc(43)] FindFirstFile: El sistema no puede encontrar la ruta especificada. (0x3)
[0126/184259.310:ERROR:directory_reader_win.cc(43)] FindFirstFile: El sistema no puede encontrar la ruta especificada. (0x3)
[0126/190227.730:ERROR:directory_reader_win.cc(43)] FindFirstFile: El sistema no puede encontrar la ruta especificada. (0x3)
[0126/190821.654:ERROR:process_reader_win.cc(151)] SuspendThread: Acceso denegado. (0x5)
[0126/190821.654:ERROR:process_reader_win.cc(151)] SuspendThread: Acceso denegado. (0x5)
[0126/190821.654:ERROR:process_reader_win.cc(123)] NtOpenThread: {Acceso denegado} Un proceso ha solicitado acceso a un objeto, pero no se le han concedido esos derechos de acceso. (0xc0000022)
[0126/190821.654:ERROR:exception_snapshot_win.cc(99)] thread ID 14256 not found in process
[0126/190821.744:ERROR:process_reader_win.cc(151)] SuspendThread: Acceso denegado. (0x5)
[0126/190821.744:ERROR:process_reader_win.cc(151)] SuspendThread: Acceso denegado. (0x5)
[0126/190821.744:ERROR:process_reader_win.cc(151)] SuspendThread: Acceso denegado. (0x5)
[0126/190821.744:ERROR:process_reader_win.cc(151)] SuspendThread: Acceso denegado. (0x5)
[0126/190821.744:ERROR:process_reader_win.cc(151)] SuspendThread: Acceso denegado. (0x5)
[0126/190821.744:ERROR:process_reader_win.cc(151)] SuspendThread: Acceso denegado. (0x5)
[0126/190821.744:ERROR:process_reader_win.cc(123)] NtOpenThread: {Acceso denegado} Un proceso ha solicitado acceso a un objeto, pero no se le han concedido esos derechos de acceso. (0xc0000022)
[0126/190821.744:ERROR:exception_snapshot_win.cc(99)] thread ID 7772 not found in process
[0126/191317.023:ERROR:process_reader_win.cc(151)] SuspendThread: Acceso denegado. (0x5)
[0126/191317.025:ERROR:process_reader_win.cc(151)] SuspendThread: Acceso denegado. (0x5)
[0126/191317.025:ERROR:process_reader_win.cc(123)] NtOpenThread: {Acceso denegado} Un proceso ha solicitado acceso a un objeto, pero no se le han concedido esos derechos de acceso. (0xc0000022)
[0126/191317.026:ERROR:exception_snapshot_win.cc(99)] thread ID 12856 not found in process
[0126/191317.104:ERROR:process_reader_win.cc(151)] SuspendThread: Acceso denegado. (0x5)
[0126/191317.104:ERROR:process_reader_win.cc(151)] SuspendThread: Acceso denegado. (0x5)
[0126/191317.105:ERROR:process_reader_win.cc(151)] SuspendThread: Acceso denegado. (0x5)
[0126/191317.105:ERROR:process_reader_win.cc(151)] SuspendThread: Acceso denegado. (0x5)
[0126/191317.105:ERROR:process_reader_win.cc(151)] SuspendThread: Acceso denegado. (0x5)
[0126/191317.105:ERROR:process_reader_win.cc(123)] NtOpenThread: {Acceso denegado} Un proceso ha solicitado acceso a un objeto, pero no se le han concedido esos derechos de acceso. (0xc0000022)
[0126/191317.105:ERROR:exception_snapshot_win.cc(99)] thread ID 2172 not found in process
[0126/191730.403:ERROR:process_reader_win.cc(151)] SuspendThread: Acceso denegado. (0x5)
[0126/191730.403:ERROR:process_reader_win.cc(151)] SuspendThread: Acceso denegado. (0x5)
[0126/191730.403:ERROR:process_reader_win.cc(123)] NtOpenThread: {Acceso denegado} Un proceso ha solicitado acceso a un objeto, pero no se le han concedido esos derechos de acceso. (0xc0000022)
[0126/191730.403:ERROR:exception_snapshot_win.cc(99)] thread ID 13040 not found in process
[0126/191730.451:ERROR:process_reader_win.cc(151)] SuspendThread: Acceso denegado. (0x5)
[0126/191730.451:ERROR:process_reader_win.cc(151)] SuspendThread: Acceso denegado. (0x5)
[0126/191730.451:ERROR:process_reader_win.cc(151)] SuspendThread: Acceso denegado. (0x5)
[0126/191730.451:ERROR:process_reader_win.cc(151)] SuspendThread: Acceso denegado. (0x5)
[0126/191730.452:ERROR:process_reader_win.cc(151)] SuspendThread: Acceso denegado. (0x5)
[0126/191730.452:ERROR:process_reader_win.cc(151)] SuspendThread: Acceso denegado. (0x5)
[0126/191730.452:ERROR:process_reader_win.cc(123)] NtOpenThread: {Acceso denegado} Un proceso ha solicitado acceso a un objeto, pero no se le han concedido esos derechos de acceso. (0xc0000022)
[0126/191730.452:ERROR:exception_snapshot_win.cc(99)] thread ID 10360 not found in process
[0126/194731.671:ERROR:process_reader_win.cc(151)] SuspendThread: Acceso denegado. (0x5)
[0126/194731.671:ERROR:process_reader_win.cc(151)] SuspendThread: Acceso denegado. (0x5)
[0126/194731.671:ERROR:process_reader_win.cc(123)] NtOpenThread: {Acceso denegado} Un proceso ha solicitado acceso a un objeto, pero no se le han concedido esos derechos de acceso. (0xc0000022)
[0126/194731.671:ERROR:exception_snapshot_win.cc(99)] thread ID 11320 not found in process
[0126/194731.747:ERROR:process_reader_win.cc(151)] SuspendThread: Acceso denegado. (0x5)
[0126/194731.747:ERROR:process_reader_win.cc(151)] SuspendThread: Acceso denegado. (0x5)
[0126/194731.747:ERROR:process_reader_win.cc(151)] SuspendThread: Acceso denegado. (0x5)
[0126/194731.747:ERROR:process_reader_win.cc(151)] SuspendThread: Acceso denegado. (0x5)
[0126/194731.747:ERROR:process_reader_win.cc(123)] NtOpenThread: {Acceso denegado} Un proceso ha solicitado acceso a un objeto, pero no se le han concedido esos derechos de acceso. (0xc0000022)
[0126/194731.747:ERROR:exception_snapshot_win.cc(99)] thread ID 1088 not found in process
[0126/200529.924:ERROR:process_reader_win.cc(151)] SuspendThread: Acceso denegado. (0x5)
[0126/200529.924:ERROR:process_reader_win.cc(151)] SuspendThread: Acceso denegado. (0x5)
[0126/200529.924:ERROR:process_reader_win.cc(123)] NtOpenThread: {Acceso denegado} Un proceso ha solicitado acceso a un objeto, pero no se le han concedido esos derechos de acceso. (0xc0000022)
[0126/200529.939:ERROR:exception_snapshot_win.cc(99)] thread ID 14332 not found in process
[0126/200529.995:ERROR:process_reader_win.cc(151)] SuspendThread: Acceso denegado. (0x5)
[0126/200529.995:ERROR:process_reader_win.cc(151)] SuspendThread: Acceso denegado. (0x5)
[0126/200529.995:ERROR:process_reader_win.cc(151)] SuspendThread: Acceso denegado. (0x5)
[0126/200529.995:ERROR:process_reader_win.cc(151)] SuspendThread: Acceso denegado. (0x5)
[0126/200529.995:ERROR:process_reader_win.cc(151)] SuspendThread: Acceso denegado. (0x5)
[0126/200529.995:ERROR:process_reader_win.cc(123)] NtOpenThread: {Acceso denegado} Un proceso ha solicitado acceso a un objeto, pero no se le han concedido esos derechos de acceso. (0xc0000022)
[0126/200529.995:ERROR:exception_snapshot_win.cc(99)] thread ID 9136 not found in process
[0126/200727.426:ERROR:process_reader_win.cc(151)] SuspendThread: Acceso denegado. (0x5)
[0126/200727.429:ERROR:process_reader_win.cc(151)] SuspendThread: Acceso denegado. (0x5)
[0126/200727.429:ERROR:process_reader_win.cc(151)] SuspendThread: Acceso denegado. (0x5)
[0126/200727.429:ERROR:process_reader_win.cc(151)] SuspendThread: Acceso denegado. (0x5)
[0126/200727.429:ERROR:process_reader_win.cc(151)] SuspendThread: Acceso denegado. (0x5)
[0126/200727.429:ERROR:process_reader_win.cc(151)] SuspendThread: Acceso denegado. (0x5)
[0126/200727.429:ERROR:process_reader_win.cc(151)] SuspendThread: Acceso denegado. (0x5)
[0126/200727.429:ERROR:process_reader_win.cc(151)] SuspendThread: Acceso denegado. (0x5)
[0126/200727.429:ERROR:process_reader_win.cc(151)] SuspendThread: Acceso denegado. (0x5)
[0126/200727.429:ERROR:process_reader_win.cc(151)] SuspendThread: Acceso denegado. (0x5)
[0126/200727.429:ERROR:process_reader_win.cc(151)] SuspendThread: Acceso denegado. (0x5)
[0126/200727.429:ERROR:process_reader_win.cc(151)] SuspendThread: Acceso denegado. (0x5)
[0126/200727.429:ERROR:process_reader_win.cc(151)] SuspendThread: Acceso denegado. (0x5)
[0126/200727.429:ERROR:process_reader_win.cc(151)] SuspendThread: Acceso denegado. (0x5)
[0126/200727.429:ERROR:process_reader_win.cc(151)] SuspendThread: Acceso denegado. (0x5)
[0126/200727.429:ERROR:process_reader_win.cc(151)] SuspendThread: Acceso denegado. (0x5)
[0126/200727.429:ERROR:process_reader_win.cc(151)] SuspendThread: Acceso denegado. (0x5)
[0126/200727.429:ERROR:process_reader_win.cc(123)] NtOpenThread: {Acceso denegado} Un proceso ha solicitado acceso a un objeto, pero no se le han concedido esos derechos de acceso. (0xc0000022)
[0126/200727.430:ERROR:exception_snapshot_win.cc(99)] thread ID 13436 not found in process
[0126/200727.495:ERROR:process_reader_win.cc(151)] SuspendThread: Acceso denegado. (0x5)
[0126/200727.495:ERROR:process_reader_win.cc(123)] NtOpenThread: {Acceso denegado} Un proceso ha solicitado acceso a un objeto, pero no se le han concedido esos derechos de acceso. (0xc0000022)
[0126/200727.495:ERROR:exception_snapshot_win.cc(99)] thread ID 568 not found in process
[0126/200727.522:ERROR:process_reader_win.cc(151)] SuspendThread: Acceso denegado. (0x5)
[0126/200727.523:ERROR:process_reader_win.cc(151)] SuspendThread: Acceso denegado. (0x5)
[0126/200727.523:ERROR:process_reader_win.cc(151)] SuspendThread: Acceso denegado. (0x5)
[0126/200727.523:ERROR:process_reader_win.cc(151)] SuspendThread: Acceso denegado. (0x5)
[0126/200727.523:ERROR:process_reader_win.cc(123)] NtOpenThread: {Acceso denegado} Un proceso ha solicitado acceso a un objeto, pero no se le han concedido esos derechos de acceso. (0xc0000022)
[0126/200727.523:ERROR:exception_snapshot_win.cc(99)] thread ID 11352 not found in process
[0126/201105.523:ERROR:process_reader_win.cc(151)] SuspendThread: Acceso denegado. (0x5)
[0126/201105.525:ERROR:process_reader_win.cc(123)] NtOpenThread: {Acceso denegado} Un proceso ha solicitado acceso a un objeto, pero no se le han concedido esos derechos de acceso. (0xc0000022)
[0126/201105.527:ERROR:exception_snapshot_win.cc(99)] thread ID 12744 not found in process
[0126/201105.593:ERROR:process_reader_win.cc(151)] SuspendThread: Acceso denegado. (0x5)
[0126/201105.593:ERROR:process_reader_win.cc(151)] SuspendThread: Acceso denegado. (0x5)
[0126/201105.593:ERROR:process_reader_win.cc(151)] SuspendThread: Acceso denegado. (0x5)
[0126/201105.593:ERROR:process_reader_win.cc(151)] SuspendThread: Acceso denegado. (0x5)
[0126/201105.593:ERROR:process_reader_win.cc(151)] SuspendThread: Acceso denegado. (0x5)
[0126/201105.593:ERROR:process_reader_win.cc(151)] SuspendThread: Acceso denegado. (0x5)
[0126/201105.593:ERROR:process_reader_win.cc(123)] NtOpenThread: {Acceso denegado} Un proceso ha solicitado acceso a un objeto, pero no se le han concedido esos derechos de acceso. (0xc0000022)
[0126/201105.593:ERROR:exception_snapshot_win.cc(99)] thread ID 8248 not found in process
[0126/201143.390:ERROR:process_reader_win.cc(151)] SuspendThread: Acceso denegado. (0x5)
[0126/201143.392:ERROR:process_reader_win.cc(151)] SuspendThread: Acceso denegado. (0x5)
[0126/201143.392:ERROR:process_reader_win.cc(123)] NtOpenThread: {Acceso denegado} Un proceso ha solicitado acceso a un objeto, pero no se le han concedido esos derechos de acceso. (0xc0000022)
[0126/201143.393:ERROR:exception_snapshot_win.cc(99)] thread ID 5940 not found in process
[0126/201143.471:ERROR:process_reader_win.cc(151)] SuspendThread: Acceso denegado. (0x5)
[0126/201143.471:ERROR:process_reader_win.cc(151)] SuspendThread: Acceso denegado. (0x5)
[0126/201143.471:ERROR:process_reader_win.cc(151)] SuspendThread: Acceso denegado. (0x5)
[0126/201143.471:ERROR:process_reader_win.cc(151)] SuspendThread: Acceso denegado. (0x5)
[0126/201143.471:ERROR:process_reader_win.cc(151)] SuspendThread: Acceso denegado. (0x5)
[0126/201143.471:ERROR:process_reader_win.cc(123)] NtOpenThread: {Acceso denegado} Un proceso ha solicitado acceso a un objeto, pero no se le han concedido esos derechos de acceso. (0xc0000022)
[0126/201143.471:ERROR:exception_snapshot_win.cc(99)] thread ID 14268 not found in process
[0126/201331.614:ERROR:process_reader_win.cc(151)] SuspendThread: Acceso denegado. (0x5)
[0126/201331.615:ERROR:process_reader_win.cc(151)] SuspendThread: Acceso denegado. (0x5)
[0126/201331.615:ERROR:process_reader_win.cc(151)] SuspendThread: Acceso denegado. (0x5)
[0126/201331.615:ERROR:process_reader_win.cc(151)] SuspendThread: Acceso denegado. (0x5)
[0126/201331.615:ERROR:process_reader_win.cc(151)] SuspendThread: Acceso denegado. (0x5)
[0126/201331.615:ERROR:process_reader_win.cc(151)] SuspendThread: Acceso denegado. (0x5)
[0126/201331.615:ERROR:process_reader_win.cc(151)] SuspendThread: Acceso denegado. (0x5)
[0126/201331.615:ERROR:process_reader_win.cc(151)] SuspendThread: Acceso denegado. (0x5)
[0126/201331.615:ERROR:process_reader_win.cc(151)] SuspendThread: Acceso denegado. (0x5)
[0126/201331.616:ERROR:process_reader_win.cc(151)] SuspendThread: Acceso denegado. (0x5)
[0126/201331.616:ERROR:process_reader_win.cc(151)] SuspendThread: Acceso denegado. (0x5)
[0126/201331.616:ERROR:process_reader_win.cc(151)] SuspendThread: Acceso denegado. (0x5)
[0126/201331.616:ERROR:process_reader_win.cc(151)] SuspendThread: Acceso denegado. (0x5)
[0126/201331.616:ERROR:process_reader_win.cc(151)] SuspendThread: Acceso denegado. (0x5)
[0126/201331.616:ERROR:process_reader_win.cc(151)] SuspendThread: Acceso denegado. (0x5)
[0126/201331.616:ERROR:process_reader_win.cc(151)] SuspendThread: Acceso denegado. (0x5)
[0126/201331.616:ERROR:process_reader_win.cc(151)] SuspendThread: Acceso denegado. (0x5)
[0126/201331.616:ERROR:process_reader_win.cc(123)] NtOpenThread: {Acceso denegado} Un proceso ha solicitado acceso a un objeto, pero no se le han concedido esos derechos de acceso. (0xc0000022)
[0126/201331.617:ERROR:exception_snapshot_win.cc(99)] thread ID 10084 not found in process
[0126/201331.673:ERROR:process_reader_win.cc(151)] SuspendThread: Acceso denegado. (0x5)
[0126/201331.673:ERROR:process_reader_win.cc(123)] NtOpenThread: {Acceso denegado} Un proceso ha solicitado acceso a un objeto, pero no se le han concedido esos derechos de acceso. (0xc0000022)
[0126/201331.673:ERROR:exception_snapshot_win.cc(99)] thread ID 5828 not found in process
[0126/201331.681:ERROR:process_reader_win.cc(151)] SuspendThread: Acceso denegado. (0x5)
[0126/201331.681:ERROR:process_reader_win.cc(151)] SuspendThread: Acceso denegado. (0x5)
[0126/201331.681:ERROR:process_reader_win.cc(151)] SuspendThread: Acceso denegado. (0x5)
[0126/201331.681:ERROR:process_reader_win.cc(151)] SuspendThread: Acceso denegado. (0x5)
[0126/201331.681:ERROR:process_reader_win.cc(151)] SuspendThread: Acceso denegado. (0x5)
[0126/201331.681:ERROR:process_reader_win.cc(123)] NtOpenThread: {Acceso denegado} Un proceso ha solicitado acceso a un objeto, pero no se le han concedido esos derechos de acceso. (0xc0000022)
[0126/201331.681:ERROR:exception_snapshot_win.cc(99)] thread ID 11772 not found in process
[0126/201906.007:ERROR:process_reader_win.cc(151)] SuspendThread: Acceso denegado. (0x5)
[0126/201906.022:ERROR:process_reader_win.cc(151)] SuspendThread: Acceso denegado. (0x5)
[0126/201906.022:ERROR:process_reader_win.cc(123)] NtOpenThread: {Acceso denegado} Un proceso ha solicitado acceso a un objeto, pero no se le han concedido esos derechos de acceso. (0xc0000022)
[0126/201906.022:ERROR:exception_snapshot_win.cc(99)] thread ID 9100 not found in process
[0126/201906.075:ERROR:process_reader_win.cc(151)] SuspendThread: Acceso denegado. (0x5)
[0126/201906.075:ERROR:process_reader_win.cc(123)] NtOpenThread: {Acceso denegado} Un proceso ha solicitado acceso a un objeto, pero no se le han concedido esos derechos de acceso. (0xc0000022)
[0126/201906.075:ERROR:exception_snapshot_win.cc(99)] thread ID 10088 not found in process
[0126/201906.085:ERROR:process_reader_win.cc(151)] SuspendThread: Acceso denegado. (0x5)
[0126/201906.086:ERROR:process_reader_win.cc(151)] SuspendThread: Acceso denegado. (0x5)
[0126/201906.086:ERROR:process_reader_win.cc(151)] SuspendThread: Acceso denegado. (0x5)
[0126/201906.086:ERROR:process_reader_win.cc(151)] SuspendThread: Acceso denegado. (0x5)
[0126/201906.086:ERROR:process_reader_win.cc(151)] SuspendThread: Acceso denegado. (0x5)
[0126/201906.086:ERROR:process_reader_win.cc(123)] NtOpenThread: {Acceso denegado} Un proceso ha solicitado acceso a un objeto, pero no se le han concedido esos derechos de acceso. (0xc0000022)
[0126/201906.086:ERROR:exception_snapshot_win.cc(99)] thread ID 10896 not found in process
[0126/202006.396:ERROR:process_reader_win.cc(151)] SuspendThread: Acceso denegado. (0x5)
[0126/202006.401:ERROR:process_reader_win.cc(151)] SuspendThread: Acceso denegado. (0x5)
[0126/202006.401:ERROR:process_reader_win.cc(151)] SuspendThread: Acceso denegado. (0x5)
[0126/202006.401:ERROR:process_reader_win.cc(151)] SuspendThread: Acceso denegado. (0x5)
[0126/202006.401:ERROR:process_reader_win.cc(151)] SuspendThread: Acceso denegado. (0x5)
[0126/202006.401:ERROR:process_reader_win.cc(151)] SuspendThread: Acceso denegado. (0x5)
[0126/202006.401:ERROR:process_reader_win.cc(151)] SuspendThread: Acceso denegado. (0x5)
[0126/202006.401:ERROR:process_reader_win.cc(151)] SuspendThread: Acceso denegado. (0x5)
[0126/202006.401:ERROR:process_reader_win.cc(151)] SuspendThread: Acceso denegado. (0x5)
[0126/202006.401:ERROR:process_reader_win.cc(151)] SuspendThread: Acceso denegado. (0x5)
[0126/202006.401:ERROR:process_reader_win.cc(151)] SuspendThread: Acceso denegado. (0x5)
[0126/202006.401:ERROR:process_reader_win.cc(151)] SuspendThread: Acceso denegado. (0x5)
[0126/202006.401:ERROR:process_reader_win.cc(151)] SuspendThread: Acceso denegado. (0x5)
[0126/202006.401:ERROR:process_reader_win.cc(151)] SuspendThread: Acceso denegado. (0x5)
[0126/202006.401:ERROR:process_reader_win.cc(151)] SuspendThread: Acceso denegado. (0x5)
[0126/202006.401:ERROR:process_reader_win.cc(151)] SuspendThread: Acceso denegado. (0x5)
[0126/202006.401:ERROR:process_reader_win.cc(151)] SuspendThread: Acceso denegado. (0x5)
[0126/202006.401:ERROR:process_reader_win.cc(123)] NtOpenThread: {Acceso denegado} Un proceso ha solicitado acceso a un objeto, pero no se le han concedido esos derechos de acceso. (0xc0000022)
[0126/202006.403:ERROR:exception_snapshot_win.cc(99)] thread ID 3448 not found in process
[0126/202006.487:ERROR:process_reader_win.cc(151)] SuspendThread: Acceso denegado. (0x5)
[0126/202006.488:ERROR:process_reader_win.cc(151)] SuspendThread: Acceso denegado. (0x5)
[0126/202006.488:ERROR:process_reader_win.cc(151)] SuspendThread: Acceso denegado. (0x5)
[0126/202006.488:ERROR:process_reader_win.cc(151)] SuspendThread: Acceso denegado. (0x5)
[0126/202006.488:ERROR:process_reader_win.cc(151)] SuspendThread: Acceso denegado. (0x5)
[0126/202006.488:ERROR:process_reader_win.cc(123)] NtOpenThread: {Acceso denegado} Un proceso ha solicitado acceso a un objeto, pero no se le han concedido esos derechos de acceso. (0xc0000022)
[0126/202006.488:ERROR:exception_snapshot_win.cc(99)] thread ID 6920 not found in process
[0126/220910.661:ERROR:process_reader_win.cc(151)] SuspendThread: Acceso denegado. (0x5)
[0126/220910.662:ERROR:process_reader_win.cc(151)] SuspendThread: Acceso denegado. (0x5)
[0126/220910.662:ERROR:process_reader_win.cc(123)] NtOpenThread: {Acceso denegado} Un proceso ha solicitado acceso a un objeto, pero no se le han concedido esos derechos de acceso. (0xc0000022)
[0126/220910.664:ERROR:exception_snapshot_win.cc(99)] thread ID 868 not found in process
[0126/220910.703:ERROR:process_reader_win.cc(151)] SuspendThread: Acceso denegado. (0x5)
[0126/220910.704:ERROR:process_reader_win.cc(151)] SuspendThread: Acceso denegado. (0x5)
[0126/220910.704:ERROR:process_reader_win.cc(151)] SuspendThread: Acceso denegado. (0x5)
[0126/220910.704:ERROR:process_reader_win.cc(151)] SuspendThread: Acceso denegado. (0x5)
[0126/220910.704:ERROR:process_reader_win.cc(151)] SuspendThread: Acceso denegado. (0x5)
[0126/220910.704:ERROR:process_reader_win.cc(123)] NtOpenThread: {Acceso denegado} Un proceso ha solicitado acceso a un objeto, pero no se le han concedido esos derechos de acceso. (0xc0000022)
[0126/220910.704:ERROR:exception_snapshot_win.cc(99)] thread ID 10532 not found in process
[0126/222506.593:ERROR:directory_reader_win.cc(43)] FindFirstFile: El sistema no puede encontrar la ruta especificada. (0x3)
[0126/225040.428:ERROR:directory_reader_win.cc(43)] FindFirstFile: El sistema no puede encontrar la ruta especificada. (0x3)
[0127/111212.928:ERROR:directory_reader_win.cc(43)] FindFirstFile: El sistema no puede encontrar la ruta especificada. (0x3)
[0127/112349.638:ERROR:process_reader_win.cc(151)] SuspendThread: Acceso denegado. (0x5)
[0127/112349.644:ERROR:process_reader_win.cc(151)] SuspendThread: Acceso denegado. (0x5)
[0127/112349.644:ERROR:process_reader_win.cc(151)] SuspendThread: Acceso denegado. (0x5)
[0127/112349.644:ERROR:process_reader_win.cc(151)] SuspendThread: Acceso denegado. (0x5)
[0127/112349.644:ERROR:process_reader_win.cc(151)] SuspendThread: Acceso denegado. (0x5)
[0127/112349.644:ERROR:process_reader_win.cc(151)] SuspendThread: Acceso denegado. (0x5)
[0127/112349.644:ERROR:process_reader_win.cc(151)] SuspendThread: Acceso denegado. (0x5)
[0127/112349.644:ERROR:process_reader_win.cc(151)] SuspendThread: Acceso denegado. (0x5)
[0127/112349.644:ERROR:process_reader_win.cc(151)] SuspendThread: Acceso denegado. (0x5)
[0127/112349.644:ERROR:process_reader_win.cc(151)] SuspendThread: Acceso denegado. (0x5)
[0127/112349.644:ERROR:process_reader_win.cc(151)] SuspendThread: Acceso denegado. (0x5)
[0127/112349.644:ERROR:process_reader_win.cc(151)] SuspendThread: Acceso denegado. (0x5)
[0127/112349.644:ERROR:process_reader_win.cc(151)] SuspendThread: Acceso denegado. (0x5)
[0127/112349.646:ERROR:process_reader_win.cc(151)] SuspendThread: Acceso denegado. (0x5)
[0127/112349.646:ERROR:process_reader_win.cc(123)] NtOpenThread: {Acceso denegado} Un proceso ha solicitado acceso a un objeto, pero no se le han concedido esos derechos de acceso. (0xc0000022)
[0127/112349.647:ERROR:exception_snapshot_win.cc(99)] thread ID 2792 not found in process
[0127/112349.724:ERROR:process_reader_win.cc(151)] SuspendThread: Acceso denegado. (0x5)
[0127/112349.724:ERROR:process_reader_win.cc(151)] SuspendThread: Acceso denegado. (0x5)
[0127/112349.724:ERROR:process_reader_win.cc(151)] SuspendThread: Acceso denegado. (0x5)
[0127/112349.724:ERROR:process_reader_win.cc(151)] SuspendThread: Acceso denegado. (0x5)
[0127/112349.724:ERROR:process_reader_win.cc(151)] SuspendThread: Acceso denegado. (0x5)
[0127/112349.724:ERROR:process_reader_win.cc(151)] SuspendThread: Acceso denegado. (0x5)
[0127/112349.724:ERROR:process_reader_win.cc(151)] SuspendThread: Acceso denegado. (0x5)
[0127/112349.724:ERROR:process_reader_win.cc(151)] SuspendThread: Acceso denegado. (0x5)
[0127/112349.724:ERROR:process_reader_win.cc(151)] SuspendThread: Acceso denegado. (0x5)
[0127/112349.725:ERROR:process_reader_win.cc(151)] SuspendThread: Acceso denegado. (0x5)
[0127/112349.726:ERROR:process_reader_win.cc(151)] SuspendThread: Acceso denegado. (0x5)
[0127/112349.726:ERROR:process_reader_win.cc(151)] SuspendThread: Acceso denegado. (0x5)
[0127/112349.726:ERROR:process_reader_win.cc(151)] SuspendThread: Acceso denegado. (0x5)
[0127/112349.726:ERROR:process_reader_win.cc(151)] SuspendThread: Acceso denegado. (0x5)
[0127/112349.726:ERROR:process_reader_win.cc(151)] SuspendThread: Acceso denegado. (0x5)
[0127/112349.726:ERROR:process_reader_win.cc(123)] NtOpenThread: {Acceso denegado} Un proceso ha solicitado acceso a un objeto, pero no se le han concedido esos derechos de acceso. (0xc0000022)
[0127/112349.726:ERROR:exception_snapshot_win.cc(99)] thread ID 12156 not found in process
[0127/114933.277:ERROR:directory_reader_win.cc(43)] FindFirstFile: El sistema no puede encontrar la ruta especificada. (0x3)
[0127/160735.871:ERROR:directory_reader_win.cc(43)] FindFirstFile: El sistema no puede encontrar la ruta especificada. (0x3)
[0127/223917.077:ERROR:directory_reader_win.cc(43)] FindFirstFile: El sistema no puede encontrar la ruta especificada. (0x3)
